This file contains any messages produced by compilers while
running configure, to aid debugging if configure makes a mistake.

It was created by libpll configure 1.0.11, which was
generated by GNU Autoconf 2.69.  Invocation command line was

  $ ./configure --prefix=/root/mz/MO-Phylogenetics/lib/Pll/src

## --------- ##
## Platform. ##
## --------- ##

hostname = wae-20
uname -m = x86_64
uname -r = 3.10.0-327.el7.x86_64
uname -s = Linux
uname -v = #1 SMP Thu Nov 19 22:10:57 UTC 2015

/usr/bin/uname -p = x86_64
/bin/uname -X     = unknown

/bin/arch              = x86_64
/usr/bin/arch -k       = unknown
/usr/convex/getsysinfo = unknown
/usr/bin/hostinfo      = unknown
/bin/machine           = unknown
/usr/bin/oslevel       = unknown
/bin/universe          = unknown

PATH: /home/gopath/bin
PATH: /home/go/bin
PATH: /usr/lib64/qt-3.3/bin
PATH: /usr/local/sbin
PATH: /usr/local/bin
PATH: /usr/sbin
PATH: /usr/bin
PATH: /root/bin
PATH: /root/mz/MO-Phylogenetics/lib/Bpp/include
PATH: /root/mz/MO-Phylogenetics/lib/Pll/src/include


## ----------- ##
## Core tests. ##
## ----------- ##

configure:2616: checking for a BSD-compatible install
configure:2684: result: /usr/bin/install -c
configure:2695: checking whether build environment is sane
configure:2750: result: yes
configure:2901: checking for a thread-safe mkdir -p
configure:2940: result: /usr/bin/mkdir -p
configure:2947: checking for gawk
configure:2963: found /usr/bin/gawk
configure:2974: result: gawk
configure:2985: checking whether make sets $(MAKE)
configure:3007: result: yes
configure:3036: checking whether make supports nested variables
configure:3053: result: yes
configure:3208: checking for g++
configure:3224: found /usr/bin/g++
configure:3235: result: g++
configure:3262: checking for C++ compiler version
configure:3271: g++ --version >&5
g++ (GCC) 4.8.5 20150623 (Red Hat 4.8.5-4)
Copyright (C) 2015 Free Software Foundation, Inc.
This is free software; see the source for copying conditions.  There is NO
warranty; not even for MERCHANTABILITY or FITNESS FOR A PARTICULAR PURPOSE.

configure:3282: $? = 0
configure:3271: g++ -v >&5
Using built-in specs.
COLLECT_GCC=g++
COLLECT_LTO_WRAPPER=/usr/libexec/gcc/x86_64-redhat-linux/4.8.5/lto-wrapper
Target: x86_64-redhat-linux
Configured with: ../configure --prefix=/usr --mandir=/usr/share/man --infodir=/usr/share/info --with-bugurl=http://bugzilla.redhat.com/bugzilla --enable-bootstrap --enable-shared --enable-threads=posix --enable-checking=release --with-system-zlib --enable-__cxa_atexit --disable-libunwind-exceptions --enable-gnu-unique-object --enable-linker-build-id --with-linker-hash-style=gnu --enable-languages=c,c++,objc,obj-c++,java,fortran,ada,go,lto --enable-plugin --enable-initfini-array --disable-libgcj --with-isl=/builddir/build/BUILD/gcc-4.8.5-20150702/obj-x86_64-redhat-linux/isl-install --with-cloog=/builddir/build/BUILD/gcc-4.8.5-20150702/obj-x86_64-redhat-linux/cloog-install --enable-gnu-indirect-function --with-tune=generic --with-arch_32=x86-64 --build=x86_64-redhat-linux
Thread model: posix
gcc version 4.8.5 20150623 (Red Hat 4.8.5-4) (GCC) 
configure:3282: $? = 0
configure:3271: g++ -V >&5
g++: error: unrecognized command line option '-V'
g++: fatal error: no input files
compilation terminated.
configure:3282: $? = 4
configure:3271: g++ -qversion >&5
g++: error: unrecognized command line option '-qversion'
g++: fatal error: no input files
compilation terminated.
configure:3282: $? = 4
configure:3302: checking whether the C++ compiler works
configure:3324: g++    conftest.cpp  >&5
configure:3328: $? = 0
configure:3376: result: yes
configure:3379: checking for C++ compiler default output file name
configure:3381: result: a.out
configure:3387: checking for suffix of executables
configure:3394: g++ -o conftest    conftest.cpp  >&5
configure:3398: $? = 0
configure:3420: result: 
configure:3442: checking whether we are cross compiling
configure:3450: g++ -o conftest    conftest.cpp  >&5
configure:3454: $? = 0
configure:3461: ./conftest
configure:3465: $? = 0
configure:3480: result: no
configure:3485: checking for suffix of object files
configure:3507: g++ -c   conftest.cpp >&5
configure:3511: $? = 0
configure:3532: result: o
configure:3536: checking whether we are using the GNU C++ compiler
configure:3555: g++ -c   conftest.cpp >&5
configure:3555: $? = 0
configure:3564: result: yes
configure:3573: checking whether g++ accepts -g
configure:3593: g++ -c -g  conftest.cpp >&5
configure:3593: $? = 0
configure:3634: result: yes
configure:3668: checking for style of include used by make
configure:3696: result: GNU
configure:3722: checking dependency style of g++
configure:3833: result: gcc3
configure:3896: checking for gcc
configure:3912: found /usr/bin/gcc
configure:3923: result: gcc
configure:4152: checking for C compiler version
configure:4161: gcc --version >&5
gcc (GCC) 4.8.5 20150623 (Red Hat 4.8.5-4)
Copyright (C) 2015 Free Software Foundation, Inc.
This is free software; see the source for copying conditions.  There is NO
warranty; not even for MERCHANTABILITY or FITNESS FOR A PARTICULAR PURPOSE.

configure:4172: $? = 0
configure:4161: gcc -v >&5
Using built-in specs.
COLLECT_GCC=gcc
COLLECT_LTO_WRAPPER=/usr/libexec/gcc/x86_64-redhat-linux/4.8.5/lto-wrapper
Target: x86_64-redhat-linux
Configured with: ../configure --prefix=/usr --mandir=/usr/share/man --infodir=/usr/share/info --with-bugurl=http://bugzilla.redhat.com/bugzilla --enable-bootstrap --enable-shared --enable-threads=posix --enable-checking=release --with-system-zlib --enable-__cxa_atexit --disable-libunwind-exceptions --enable-gnu-unique-object --enable-linker-build-id --with-linker-hash-style=gnu --enable-languages=c,c++,objc,obj-c++,java,fortran,ada,go,lto --enable-plugin --enable-initfini-array --disable-libgcj --with-isl=/builddir/build/BUILD/gcc-4.8.5-20150702/obj-x86_64-redhat-linux/isl-install --with-cloog=/builddir/build/BUILD/gcc-4.8.5-20150702/obj-x86_64-redhat-linux/cloog-install --enable-gnu-indirect-function --with-tune=generic --with-arch_32=x86-64 --build=x86_64-redhat-linux
Thread model: posix
gcc version 4.8.5 20150623 (Red Hat 4.8.5-4) (GCC) 
configure:4172: $? = 0
configure:4161: gcc -V >&5
gcc: error: unrecognized command line option '-V'
gcc: fatal error: no input files
compilation terminated.
configure:4172: $? = 4
configure:4161: gcc -qversion >&5
gcc: error: unrecognized command line option '-qversion'
gcc: fatal error: no input files
compilation terminated.
configure:4172: $? = 4
configure:4176: checking whether we are using the GNU C compiler
configure:4195: gcc -c   conftest.c >&5
configure:4195: $? = 0
configure:4204: result: yes
configure:4213: checking whether gcc accepts -g
configure:4233: gcc -c -g  conftest.c >&5
configure:4233: $? = 0
configure:4274: result: yes
configure:4291: checking for gcc option to accept ISO C89
configure:4354: gcc  -c -g -O2  conftest.c >&5
configure:4354: $? = 0
configure:4367: result: none needed
configure:4389: checking dependency style of gcc
configure:4500: result: gcc3
configure:4515: checking whether make sets $(MAKE)
configure:4537: result: yes
configure:4589: checking for ranlib
configure:4605: found /usr/bin/ranlib
configure:4616: result: ranlib
configure:4643: checking how to run the C preprocessor
configure:4674: gcc -E  conftest.c
configure:4674: $? = 0
configure:4688: gcc -E  conftest.c
conftest.c:11:28: fatal error: ac_nonexistent.h: No such file or directory
 #include <ac_nonexistent.h>
                            ^
compilation terminated.
configure:4688: $? = 1
configure: failed program was:
| /* confdefs.h */
| #define PACKAGE_NAME "libpll"
| #define PACKAGE_TARNAME "libpll"
| #define PACKAGE_VERSION "1.0.11"
| #define PACKAGE_STRING "libpll 1.0.11"
| #define PACKAGE_BUGREPORT "Tomas.Flouri@h-its.org"
| #define PACKAGE_URL ""
| #define PACKAGE "libpll"
| #define VERSION "1.0.11"
| /* end confdefs.h.  */
| #include <ac_nonexistent.h>
configure:4713: result: gcc -E
configure:4733: gcc -E  conftest.c
configure:4733: $? = 0
configure:4747: gcc -E  conftest.c
conftest.c:11:28: fatal error: ac_nonexistent.h: No such file or directory
 #include <ac_nonexistent.h>
                            ^
compilation terminated.
configure:4747: $? = 1
configure: failed program was:
| /* confdefs.h */
| #define PACKAGE_NAME "libpll"
| #define PACKAGE_TARNAME "libpll"
| #define PACKAGE_VERSION "1.0.11"
| #define PACKAGE_STRING "libpll 1.0.11"
| #define PACKAGE_BUGREPORT "Tomas.Flouri@h-its.org"
| #define PACKAGE_URL ""
| #define PACKAGE "libpll"
| #define VERSION "1.0.11"
| /* end confdefs.h.  */
| #include <ac_nonexistent.h>
configure:4804: checking build system type
configure:4818: result: x86_64-unknown-linux-gnu
configure:4838: checking host system type
configure:4851: result: x86_64-unknown-linux-gnu
configure:4892: checking how to print strings
configure:4919: result: printf
configure:4940: checking for a sed that does not truncate output
configure:5004: result: /usr/bin/sed
configure:5022: checking for grep that handles long lines and -e
configure:5080: result: /usr/bin/grep
configure:5085: checking for egrep
configure:5147: result: /usr/bin/grep -E
configure:5152: checking for fgrep
configure:5214: result: /usr/bin/grep -F
configure:5249: checking for ld used by gcc
configure:5316: result: /usr/bin/ld
configure:5323: checking if the linker (/usr/bin/ld) is GNU ld
configure:5338: result: yes
configure:5350: checking for BSD- or MS-compatible name lister (nm)
configure:5399: result: /usr/bin/nm -B
configure:5529: checking the name lister (/usr/bin/nm -B) interface
configure:5536: gcc -c -g -O2  conftest.c >&5
configure:5539: /usr/bin/nm -B "conftest.o"
configure:5542: output
0000000000000000 B some_variable
configure:5549: result: BSD nm
configure:5552: checking whether ln -s works
configure:5556: result: yes
configure:5564: checking the maximum length of command line arguments
configure:5694: result: 1572864
configure:5711: checking whether the shell understands some XSI constructs
configure:5721: result: yes
configure:5725: checking whether the shell understands "+="
configure:5731: result: yes
configure:5766: checking how to convert x86_64-unknown-linux-gnu file names to x86_64-unknown-linux-gnu format
configure:5806: result: func_convert_file_noop
configure:5813: checking how to convert x86_64-unknown-linux-gnu file names to toolchain format
configure:5833: result: func_convert_file_noop
configure:5840: checking for /usr/bin/ld option to reload object files
configure:5847: result: -r
configure:5921: checking for objdump
configure:5937: found /usr/bin/objdump
configure:5948: result: objdump
configure:5980: checking how to recognize dependent libraries
configure:6182: result: pass_all
configure:6267: checking for dlltool
configure:6297: result: no
configure:6327: checking how to associate runtime and link libraries
configure:6354: result: printf %s\n
configure:6415: checking for ar
configure:6431: found /usr/bin/ar
configure:6442: result: ar
configure:6479: checking for archiver @FILE support
configure:6496: gcc -c -g -O2  conftest.c >&5
configure:6496: $? = 0
configure:6499: ar cru libconftest.a @conftest.lst >&5
configure:6502: $? = 0
configure:6507: ar cru libconftest.a @conftest.lst >&5
ar: conftest.o: No such file or directory
configure:6510: $? = 1
configure:6522: result: @
configure:6580: checking for strip
configure:6596: found /usr/bin/strip
configure:6607: result: strip
configure:6679: checking for ranlib
configure:6706: result: ranlib
configure:6808: checking command to parse /usr/bin/nm -B output from gcc object
configure:6928: gcc -c -g -O2  conftest.c >&5
configure:6931: $? = 0
configure:6935: /usr/bin/nm -B conftest.o \| sed -n -e 's/^.*[ ]\([ABCDGIRSTW][ABCDGIRSTW]*\)[ ][ ]*\([_A-Za-z][_A-Za-z0-9]*\)$/\1 \2 \2/p' | sed '/ __gnu_lto/d' \> conftest.nm
configure:6938: $? = 0
configure:7004: gcc -o conftest -g -O2   conftest.c conftstm.o >&5
configure:7007: $? = 0
configure:7045: result: ok
configure:7082: checking for sysroot
configure:7112: result: no
configure:7189: gcc -c -g -O2  conftest.c >&5
configure:7192: $? = 0
configure:7368: checking for mt
configure:7398: result: no
configure:7418: checking if : is a manifest tool
configure:7424: : '-?'
configure:7432: result: no
configure:8070: checking for ANSI C header files
configure:8090: gcc -c -g -O2  conftest.c >&5
configure:8090: $? = 0
configure:8163: gcc -o conftest -g -O2   conftest.c  >&5
configure:8163: $? = 0
configure:8163: ./conftest
configure:8163: $? = 0
configure:8174: result: yes
configure:8187: checking for sys/types.h
configure:8187: gcc -c -g -O2  conftest.c >&5
configure:8187: $? = 0
configure:8187: result: yes
configure:8187: checking for sys/stat.h
configure:8187: gcc -c -g -O2  conftest.c >&5
configure:8187: $? = 0
configure:8187: result: yes
configure:8187: checking for stdlib.h
configure:8187: gcc -c -g -O2  conftest.c >&5
configure:8187: $? = 0
configure:8187: result: yes
configure:8187: checking for string.h
configure:8187: gcc -c -g -O2  conftest.c >&5
configure:8187: $? = 0
configure:8187: result: yes
configure:8187: checking for memory.h
configure:8187: gcc -c -g -O2  conftest.c >&5
configure:8187: $? = 0
configure:8187: result: yes
configure:8187: checking for strings.h
configure:8187: gcc -c -g -O2  conftest.c >&5
configure:8187: $? = 0
configure:8187: result: yes
configure:8187: checking for inttypes.h
configure:8187: gcc -c -g -O2  conftest.c >&5
configure:8187: $? = 0
configure:8187: result: yes
configure:8187: checking for stdint.h
configure:8187: gcc -c -g -O2  conftest.c >&5
configure:8187: $? = 0
configure:8187: result: yes
configure:8187: checking for unistd.h
configure:8187: gcc -c -g -O2  conftest.c >&5
configure:8187: $? = 0
configure:8187: result: yes
configure:8201: checking for dlfcn.h
configure:8201: gcc -c -g -O2  conftest.c >&5
configure:8201: $? = 0
configure:8201: result: yes
configure:8418: checking for objdir
configure:8433: result: .libs
configure:8704: checking if gcc supports -fno-rtti -fno-exceptions
configure:8722: gcc -c -g -O2  -fno-rtti -fno-exceptions conftest.c >&5
cc1: warning: command line option '-fno-rtti' is valid for C++/ObjC++ but not for C [enabled by default]
configure:8726: $? = 0
configure:8739: result: no
configure:9066: checking for gcc option to produce PIC
configure:9073: result: -fPIC -DPIC
configure:9081: checking if gcc PIC flag -fPIC -DPIC works
configure:9099: gcc -c -g -O2  -fPIC -DPIC -DPIC conftest.c >&5
configure:9103: $? = 0
configure:9116: result: yes
configure:9145: checking if gcc static flag -static works
configure:9173: result: no
configure:9188: checking if gcc supports -c -o file.o
configure:9209: gcc -c -g -O2  -o out/conftest2.o conftest.c >&5
configure:9213: $? = 0
configure:9235: result: yes
configure:9243: checking if gcc supports -c -o file.o
configure:9290: result: yes
configure:9323: checking whether the gcc linker (/usr/bin/ld -m elf_x86_64) supports shared libraries
configure:10476: result: yes
configure:10513: checking whether -lc should be explicitly linked in
configure:10521: gcc -c -g -O2  conftest.c >&5
configure:10524: $? = 0
configure:10539: gcc -shared  -fPIC -DPIC conftest.o  -v -Wl,-soname -Wl,conftest -o conftest 2\>\&1 \| /usr/bin/grep  -lc  \>/dev/null 2\>\&1
configure:10542: $? = 0
configure:10556: result: no
configure:10716: checking dynamic linker characteristics
configure:11227: gcc -o conftest -g -O2   -Wl,-rpath -Wl,/foo conftest.c  >&5
configure:11227: $? = 0
configure:11453: result: GNU/Linux ld.so
configure:11560: checking how to hardcode library paths into programs
configure:11585: result: immediate
configure:12125: checking whether stripping libraries is possible
configure:12130: result: yes
configure:12165: checking if libtool supports shared libraries
configure:12167: result: yes
configure:12170: checking whether to build shared libraries
configure:12191: result: yes
configure:12194: checking whether to build static libraries
configure:12198: result: yes
configure:12221: checking how to run the C++ preprocessor
configure:12248: g++ -E  conftest.cpp
configure:12248: $? = 0
configure:12262: g++ -E  conftest.cpp
conftest.cpp:23:28: fatal error: ac_nonexistent.h: No such file or directory
 #include <ac_nonexistent.h>
                            ^
compilation terminated.
configure:12262: $? = 1
configure: failed program was:
| /* confdefs.h */
| #define PACKAGE_NAME "libpll"
| #define PACKAGE_TARNAME "libpll"
| #define PACKAGE_VERSION "1.0.11"
| #define PACKAGE_STRING "libpll 1.0.11"
| #define PACKAGE_BUGREPORT "Tomas.Flouri@h-its.org"
| #define PACKAGE_URL ""
| #define PACKAGE "libpll"
| #define VERSION "1.0.11"
| #define STDC_HEADERS 1
| #define HAVE_SYS_TYPES_H 1
| #define HAVE_SYS_STAT_H 1
| #define HAVE_STDLIB_H 1
| #define HAVE_STRING_H 1
| #define HAVE_MEMORY_H 1
| #define HAVE_STRINGS_H 1
| #define HAVE_INTTYPES_H 1
| #define HAVE_STDINT_H 1
| #define HAVE_UNISTD_H 1
| #define HAVE_DLFCN_H 1
| #define LT_OBJDIR ".libs/"
| /* end confdefs.h.  */
| #include <ac_nonexistent.h>
configure:12287: result: g++ -E
configure:12307: g++ -E  conftest.cpp
configure:12307: $? = 0
configure:12321: g++ -E  conftest.cpp
conftest.cpp:23:28: fatal error: ac_nonexistent.h: No such file or directory
 #include <ac_nonexistent.h>
                            ^
compilation terminated.
configure:12321: $? = 1
configure: failed program was:
| /* confdefs.h */
| #define PACKAGE_NAME "libpll"
| #define PACKAGE_TARNAME "libpll"
| #define PACKAGE_VERSION "1.0.11"
| #define PACKAGE_STRING "libpll 1.0.11"
| #define PACKAGE_BUGREPORT "Tomas.Flouri@h-its.org"
| #define PACKAGE_URL ""
| #define PACKAGE "libpll"
| #define VERSION "1.0.11"
| #define STDC_HEADERS 1
| #define HAVE_SYS_TYPES_H 1
| #define HAVE_SYS_STAT_H 1
| #define HAVE_STDLIB_H 1
| #define HAVE_STRING_H 1
| #define HAVE_MEMORY_H 1
| #define HAVE_STRINGS_H 1
| #define HAVE_INTTYPES_H 1
| #define HAVE_STDINT_H 1
| #define HAVE_UNISTD_H 1
| #define HAVE_DLFCN_H 1
| #define LT_OBJDIR ".libs/"
| /* end confdefs.h.  */
| #include <ac_nonexistent.h>
configure:12490: checking for ld used by g++
configure:12557: result: /usr/bin/ld -m elf_x86_64
configure:12564: checking if the linker (/usr/bin/ld -m elf_x86_64) is GNU ld
configure:12579: result: yes
configure:12634: checking whether the g++ linker (/usr/bin/ld -m elf_x86_64) supports shared libraries
configure:13639: result: yes
configure:13675: g++ -c -g -O2  conftest.cpp >&5
configure:13678: $? = 0
configure:14198: checking for g++ option to produce PIC
configure:14205: result: -fPIC -DPIC
configure:14213: checking if g++ PIC flag -fPIC -DPIC works
configure:14231: g++ -c -g -O2  -fPIC -DPIC -DPIC conftest.cpp >&5
configure:14235: $? = 0
configure:14248: result: yes
configure:14271: checking if g++ static flag -static works
configure:14299: result: no
configure:14311: checking if g++ supports -c -o file.o
configure:14332: g++ -c -g -O2  -o out/conftest2.o conftest.cpp >&5
configure:14336: $? = 0
configure:14358: result: yes
configure:14363: checking if g++ supports -c -o file.o
configure:14410: result: yes
configure:14440: checking whether the g++ linker (/usr/bin/ld -m elf_x86_64) supports shared libraries
configure:14476: result: yes
configure:14617: checking dynamic linker characteristics
configure:15288: result: GNU/Linux ld.so
configure:15341: checking how to hardcode library paths into programs
configure:15366: result: immediate
configure:15429: checking whether gcc and cc understand -c and -o together
configure:15460: gcc -c conftest.c -o conftest2.o >&5
configure:15464: $? = 0
configure:15470: gcc -c conftest.c -o conftest2.o >&5
configure:15474: $? = 0
configure:15485: cc -c conftest.c >&5
configure:15489: $? = 0
configure:15497: cc -c conftest.c -o conftest2.o >&5
configure:15501: $? = 0
configure:15507: cc -c conftest.c -o conftest2.o >&5
configure:15511: $? = 0
configure:15529: result: yes
configure:15556: checking for log in -lm
configure:15581: gcc -o conftest -g -O2   conftest.c -lm   >&5
conftest.c:30:6: warning: conflicting types for built-in function 'log' [enabled by default]
 char log ();
      ^
configure:15581: $? = 0
configure:15590: result: yes
configure:15606: checking fcntl.h usability
configure:15606: gcc -c -g -O2  conftest.c >&5
configure:15606: $? = 0
configure:15606: result: yes
configure:15606: checking fcntl.h presence
configure:15606: gcc -E  conftest.c
configure:15606: $? = 0
configure:15606: result: yes
configure:15606: checking for fcntl.h
configure:15606: result: yes
configure:15606: checking float.h usability
configure:15606: gcc -c -g -O2  conftest.c >&5
configure:15606: $? = 0
configure:15606: result: yes
configure:15606: checking float.h presence
configure:15606: gcc -E  conftest.c
configure:15606: $? = 0
configure:15606: result: yes
configure:15606: checking for float.h
configure:15606: result: yes
configure:15606: checking limits.h usability
configure:15606: gcc -c -g -O2  conftest.c >&5
configure:15606: $? = 0
configure:15606: result: yes
configure:15606: checking limits.h presence
configure:15606: gcc -E  conftest.c
configure:15606: $? = 0
configure:15606: result: yes
configure:15606: checking for limits.h
configure:15606: result: yes
configure:15606: checking malloc.h usability
configure:15606: gcc -c -g -O2  conftest.c >&5
configure:15606: $? = 0
configure:15606: result: yes
configure:15606: checking malloc.h presence
configure:15606: gcc -E  conftest.c
configure:15606: $? = 0
configure:15606: result: yes
configure:15606: checking for malloc.h
configure:15606: result: yes
configure:15606: checking stddef.h usability
configure:15606: gcc -c -g -O2  conftest.c >&5
configure:15606: $? = 0
configure:15606: result: yes
configure:15606: checking stddef.h presence
configure:15606: gcc -E  conftest.c
configure:15606: $? = 0
configure:15606: result: yes
configure:15606: checking for stddef.h
configure:15606: result: yes
configure:15606: checking for stdint.h
configure:15606: result: yes
configure:15606: checking for stdlib.h
configure:15606: result: yes
configure:15606: checking for string.h
configure:15606: result: yes
configure:15606: checking for strings.h
configure:15606: result: yes
configure:15606: checking sys/time.h usability
configure:15606: gcc -c -g -O2  conftest.c >&5
configure:15606: $? = 0
configure:15606: result: yes
configure:15606: checking sys/time.h presence
configure:15606: gcc -E  conftest.c
configure:15606: $? = 0
configure:15606: result: yes
configure:15606: checking for sys/time.h
configure:15606: result: yes
configure:15606: checking for unistd.h
configure:15606: result: yes
configure:15618: checking for stdbool.h that conforms to C99
configure:15685: gcc -c -g -O2  conftest.c >&5
configure:15685: $? = 0
configure:15692: result: yes
configure:15694: checking for _Bool
configure:15694: gcc -c -g -O2  conftest.c >&5
configure:15694: $? = 0
configure:15694: gcc -c -g -O2  conftest.c >&5
conftest.c: In function 'main':
conftest.c:71:20: error: expected expression before ')' token
 if (sizeof ((_Bool)))
                    ^
configure:15694: $? = 1
configure: failed program was:
| /* confdefs.h */
| #define PACKAGE_NAME "libpll"
| #define PACKAGE_TARNAME "libpll"
| #define PACKAGE_VERSION "1.0.11"
| #define PACKAGE_STRING "libpll 1.0.11"
| #define PACKAGE_BUGREPORT "Tomas.Flouri@h-its.org"
| #define PACKAGE_URL ""
| #define PACKAGE "libpll"
| #define VERSION "1.0.11"
| #define STDC_HEADERS 1
| #define HAVE_SYS_TYPES_H 1
| #define HAVE_SYS_STAT_H 1
| #define HAVE_STDLIB_H 1
| #define HAVE_STRING_H 1
| #define HAVE_MEMORY_H 1
| #define HAVE_STRINGS_H 1
| #define HAVE_INTTYPES_H 1
| #define HAVE_STDINT_H 1
| #define HAVE_UNISTD_H 1
| #define HAVE_DLFCN_H 1
| #define LT_OBJDIR ".libs/"
| #define HAVE_LIBM 1
| #define HAVE_FCNTL_H 1
| #define HAVE_FLOAT_H 1
| #define HAVE_LIMITS_H 1
| #define HAVE_MALLOC_H 1
| #define HAVE_STDDEF_H 1
| #define HAVE_STDINT_H 1
| #define HAVE_STDLIB_H 1
| #define HAVE_STRING_H 1
| #define HAVE_STRINGS_H 1
| #define HAVE_SYS_TIME_H 1
| #define HAVE_UNISTD_H 1
| /* end confdefs.h.  */
| #include <stdio.h>
| #ifdef HAVE_SYS_TYPES_H
| # include <sys/types.h>
| #endif
| #ifdef HAVE_SYS_STAT_H
| # include <sys/stat.h>
| #endif
| #ifdef STDC_HEADERS
| # include <stdlib.h>
| # include <stddef.h>
| #else
| # ifdef HAVE_STDLIB_H
| #  include <stdlib.h>
| # endif
| #endif
| #ifdef HAVE_STRING_H
| # if !defined STDC_HEADERS && defined HAVE_MEMORY_H
| #  include <memory.h>
| # endif
| # include <string.h>
| #endif
| #ifdef HAVE_STRINGS_H
| # include <strings.h>
| #endif
| #ifdef HAVE_INTTYPES_H
| # include <inttypes.h>
| #endif
| #ifdef HAVE_STDINT_H
| # include <stdint.h>
| #endif
| #ifdef HAVE_UNISTD_H
| # include <unistd.h>
| #endif
| int
| main ()
| {
| if (sizeof ((_Bool)))
| 	    return 0;
|   ;
|   return 0;
| }
configure:15694: result: yes
configure:15711: checking for inline
configure:15727: gcc -c -g -O2  conftest.c >&5
configure:15727: $? = 0
configure:15735: result: inline
configure:15753: checking for int64_t
configure:15753: gcc -c -g -O2  conftest.c >&5
configure:15753: $? = 0
configure:15753: gcc -c -g -O2  conftest.c >&5
conftest.c: In function 'main':
conftest.c:75:53: warning: integer overflow in expression [-Woverflow]
    < (int64_t) (((((int64_t) 1 << N) << N) - 1) * 2 + 2))];
                                                     ^
conftest.c:74:12: error: storage size of 'test_array' isn't constant
 static int test_array [1 - 2 * !((int64_t) (((((int64_t) 1 << N) << N) - 1) * 2 + 1)
            ^
configure:15753: $? = 1
configure: failed program was:
| /* confdefs.h */
| #define PACKAGE_NAME "libpll"
| #define PACKAGE_TARNAME "libpll"
| #define PACKAGE_VERSION "1.0.11"
| #define PACKAGE_STRING "libpll 1.0.11"
| #define PACKAGE_BUGREPORT "Tomas.Flouri@h-its.org"
| #define PACKAGE_URL ""
| #define PACKAGE "libpll"
| #define VERSION "1.0.11"
| #define STDC_HEADERS 1
| #define HAVE_SYS_TYPES_H 1
| #define HAVE_SYS_STAT_H 1
| #define HAVE_STDLIB_H 1
| #define HAVE_STRING_H 1
| #define HAVE_MEMORY_H 1
| #define HAVE_STRINGS_H 1
| #define HAVE_INTTYPES_H 1
| #define HAVE_STDINT_H 1
| #define HAVE_UNISTD_H 1
| #define HAVE_DLFCN_H 1
| #define LT_OBJDIR ".libs/"
| #define HAVE_LIBM 1
| #define HAVE_FCNTL_H 1
| #define HAVE_FLOAT_H 1
| #define HAVE_LIMITS_H 1
| #define HAVE_MALLOC_H 1
| #define HAVE_STDDEF_H 1
| #define HAVE_STDINT_H 1
| #define HAVE_STDLIB_H 1
| #define HAVE_STRING_H 1
| #define HAVE_STRINGS_H 1
| #define HAVE_SYS_TIME_H 1
| #define HAVE_UNISTD_H 1
| #define HAVE__BOOL 1
| #define HAVE_STDBOOL_H 1
| /* end confdefs.h.  */
| #include <stdio.h>
| #ifdef HAVE_SYS_TYPES_H
| # include <sys/types.h>
| #endif
| #ifdef HAVE_SYS_STAT_H
| # include <sys/stat.h>
| #endif
| #ifdef STDC_HEADERS
| # include <stdlib.h>
| # include <stddef.h>
| #else
| # ifdef HAVE_STDLIB_H
| #  include <stdlib.h>
| # endif
| #endif
| #ifdef HAVE_STRING_H
| # if !defined STDC_HEADERS && defined HAVE_MEMORY_H
| #  include <memory.h>
| # endif
| # include <string.h>
| #endif
| #ifdef HAVE_STRINGS_H
| # include <strings.h>
| #endif
| #ifdef HAVE_INTTYPES_H
| # include <inttypes.h>
| #endif
| #ifdef HAVE_STDINT_H
| # include <stdint.h>
| #endif
| #ifdef HAVE_UNISTD_H
| # include <unistd.h>
| #endif
| 	        enum { N = 64 / 2 - 1 };
| int
| main ()
| {
| static int test_array [1 - 2 * !((int64_t) (((((int64_t) 1 << N) << N) - 1) * 2 + 1)
| 		 < (int64_t) (((((int64_t) 1 << N) << N) - 1) * 2 + 2))];
| test_array [0] = 0;
| return test_array [0];
| 
|   ;
|   return 0;
| }
configure:15753: result: yes
configure:15764: checking for size_t
configure:15764: gcc -c -g -O2  conftest.c >&5
configure:15764: $? = 0
configure:15764: gcc -c -g -O2  conftest.c >&5
conftest.c: In function 'main':
conftest.c:73:21: error: expected expression before ')' token
 if (sizeof ((size_t)))
                     ^
configure:15764: $? = 1
configure: failed program was:
| /* confdefs.h */
| #define PACKAGE_NAME "libpll"
| #define PACKAGE_TARNAME "libpll"
| #define PACKAGE_VERSION "1.0.11"
| #define PACKAGE_STRING "libpll 1.0.11"
| #define PACKAGE_BUGREPORT "Tomas.Flouri@h-its.org"
| #define PACKAGE_URL ""
| #define PACKAGE "libpll"
| #define VERSION "1.0.11"
| #define STDC_HEADERS 1
| #define HAVE_SYS_TYPES_H 1
| #define HAVE_SYS_STAT_H 1
| #define HAVE_STDLIB_H 1
| #define HAVE_STRING_H 1
| #define HAVE_MEMORY_H 1
| #define HAVE_STRINGS_H 1
| #define HAVE_INTTYPES_H 1
| #define HAVE_STDINT_H 1
| #define HAVE_UNISTD_H 1
| #define HAVE_DLFCN_H 1
| #define LT_OBJDIR ".libs/"
| #define HAVE_LIBM 1
| #define HAVE_FCNTL_H 1
| #define HAVE_FLOAT_H 1
| #define HAVE_LIMITS_H 1
| #define HAVE_MALLOC_H 1
| #define HAVE_STDDEF_H 1
| #define HAVE_STDINT_H 1
| #define HAVE_STDLIB_H 1
| #define HAVE_STRING_H 1
| #define HAVE_STRINGS_H 1
| #define HAVE_SYS_TIME_H 1
| #define HAVE_UNISTD_H 1
| #define HAVE__BOOL 1
| #define HAVE_STDBOOL_H 1
| /* end confdefs.h.  */
| #include <stdio.h>
| #ifdef HAVE_SYS_TYPES_H
| # include <sys/types.h>
| #endif
| #ifdef HAVE_SYS_STAT_H
| # include <sys/stat.h>
| #endif
| #ifdef STDC_HEADERS
| # include <stdlib.h>
| # include <stddef.h>
| #else
| # ifdef HAVE_STDLIB_H
| #  include <stdlib.h>
| # endif
| #endif
| #ifdef HAVE_STRING_H
| # if !defined STDC_HEADERS && defined HAVE_MEMORY_H
| #  include <memory.h>
| # endif
| # include <string.h>
| #endif
| #ifdef HAVE_STRINGS_H
| # include <strings.h>
| #endif
| #ifdef HAVE_INTTYPES_H
| # include <inttypes.h>
| #endif
| #ifdef HAVE_STDINT_H
| # include <stdint.h>
| #endif
| #ifdef HAVE_UNISTD_H
| # include <unistd.h>
| #endif
| int
| main ()
| {
| if (sizeof ((size_t)))
| 	    return 0;
|   ;
|   return 0;
| }
configure:15764: result: yes
configure:15775: checking for ssize_t
configure:15775: gcc -c -g -O2  conftest.c >&5
configure:15775: $? = 0
configure:15775: gcc -c -g -O2  conftest.c >&5
conftest.c: In function 'main':
conftest.c:73:22: error: expected expression before ')' token
 if (sizeof ((ssize_t)))
                      ^
configure:15775: $? = 1
configure: failed program was:
| /* confdefs.h */
| #define PACKAGE_NAME "libpll"
| #define PACKAGE_TARNAME "libpll"
| #define PACKAGE_VERSION "1.0.11"
| #define PACKAGE_STRING "libpll 1.0.11"
| #define PACKAGE_BUGREPORT "Tomas.Flouri@h-its.org"
| #define PACKAGE_URL ""
| #define PACKAGE "libpll"
| #define VERSION "1.0.11"
| #define STDC_HEADERS 1
| #define HAVE_SYS_TYPES_H 1
| #define HAVE_SYS_STAT_H 1
| #define HAVE_STDLIB_H 1
| #define HAVE_STRING_H 1
| #define HAVE_MEMORY_H 1
| #define HAVE_STRINGS_H 1
| #define HAVE_INTTYPES_H 1
| #define HAVE_STDINT_H 1
| #define HAVE_UNISTD_H 1
| #define HAVE_DLFCN_H 1
| #define LT_OBJDIR ".libs/"
| #define HAVE_LIBM 1
| #define HAVE_FCNTL_H 1
| #define HAVE_FLOAT_H 1
| #define HAVE_LIMITS_H 1
| #define HAVE_MALLOC_H 1
| #define HAVE_STDDEF_H 1
| #define HAVE_STDINT_H 1
| #define HAVE_STDLIB_H 1
| #define HAVE_STRING_H 1
| #define HAVE_STRINGS_H 1
| #define HAVE_SYS_TIME_H 1
| #define HAVE_UNISTD_H 1
| #define HAVE__BOOL 1
| #define HAVE_STDBOOL_H 1
| /* end confdefs.h.  */
| #include <stdio.h>
| #ifdef HAVE_SYS_TYPES_H
| # include <sys/types.h>
| #endif
| #ifdef HAVE_SYS_STAT_H
| # include <sys/stat.h>
| #endif
| #ifdef STDC_HEADERS
| # include <stdlib.h>
| # include <stddef.h>
| #else
| # ifdef HAVE_STDLIB_H
| #  include <stdlib.h>
| # endif
| #endif
| #ifdef HAVE_STRING_H
| # if !defined STDC_HEADERS && defined HAVE_MEMORY_H
| #  include <memory.h>
| # endif
| # include <string.h>
| #endif
| #ifdef HAVE_STRINGS_H
| # include <strings.h>
| #endif
| #ifdef HAVE_INTTYPES_H
| # include <inttypes.h>
| #endif
| #ifdef HAVE_STDINT_H
| # include <stdint.h>
| #endif
| #ifdef HAVE_UNISTD_H
| # include <unistd.h>
| #endif
| int
| main ()
| {
| if (sizeof ((ssize_t)))
| 	    return 0;
|   ;
|   return 0;
| }
configure:15775: result: yes
configure:15786: checking for uint32_t
configure:15786: gcc -c -g -O2  conftest.c >&5
configure:15786: $? = 0
configure:15786: result: yes
configure:15800: checking for uint64_t
configure:15800: gcc -c -g -O2  conftest.c >&5
configure:15800: $? = 0
configure:15800: result: yes
configure:15814: checking for uint8_t
configure:15814: gcc -c -g -O2  conftest.c >&5
configure:15814: $? = 0
configure:15814: result: yes
configure:15828: checking for ptrdiff_t
configure:15828: gcc -c -g -O2  conftest.c >&5
configure:15828: $? = 0
configure:15828: gcc -c -g -O2  conftest.c >&5
conftest.c: In function 'main':
conftest.c:73:24: error: expected expression before ')' token
 if (sizeof ((ptrdiff_t)))
                        ^
configure:15828: $? = 1
configure: failed program was:
| /* confdefs.h */
| #define PACKAGE_NAME "libpll"
| #define PACKAGE_TARNAME "libpll"
| #define PACKAGE_VERSION "1.0.11"
| #define PACKAGE_STRING "libpll 1.0.11"
| #define PACKAGE_BUGREPORT "Tomas.Flouri@h-its.org"
| #define PACKAGE_URL ""
| #define PACKAGE "libpll"
| #define VERSION "1.0.11"
| #define STDC_HEADERS 1
| #define HAVE_SYS_TYPES_H 1
| #define HAVE_SYS_STAT_H 1
| #define HAVE_STDLIB_H 1
| #define HAVE_STRING_H 1
| #define HAVE_MEMORY_H 1
| #define HAVE_STRINGS_H 1
| #define HAVE_INTTYPES_H 1
| #define HAVE_STDINT_H 1
| #define HAVE_UNISTD_H 1
| #define HAVE_DLFCN_H 1
| #define LT_OBJDIR ".libs/"
| #define HAVE_LIBM 1
| #define HAVE_FCNTL_H 1
| #define HAVE_FLOAT_H 1
| #define HAVE_LIMITS_H 1
| #define HAVE_MALLOC_H 1
| #define HAVE_STDDEF_H 1
| #define HAVE_STDINT_H 1
| #define HAVE_STDLIB_H 1
| #define HAVE_STRING_H 1
| #define HAVE_STRINGS_H 1
| #define HAVE_SYS_TIME_H 1
| #define HAVE_UNISTD_H 1
| #define HAVE__BOOL 1
| #define HAVE_STDBOOL_H 1
| /* end confdefs.h.  */
| #include <stdio.h>
| #ifdef HAVE_SYS_TYPES_H
| # include <sys/types.h>
| #endif
| #ifdef HAVE_SYS_STAT_H
| # include <sys/stat.h>
| #endif
| #ifdef STDC_HEADERS
| # include <stdlib.h>
| # include <stddef.h>
| #else
| # ifdef HAVE_STDLIB_H
| #  include <stdlib.h>
| # endif
| #endif
| #ifdef HAVE_STRING_H
| # if !defined STDC_HEADERS && defined HAVE_MEMORY_H
| #  include <memory.h>
| # endif
| # include <string.h>
| #endif
| #ifdef HAVE_STRINGS_H
| # include <strings.h>
| #endif
| #ifdef HAVE_INTTYPES_H
| # include <inttypes.h>
| #endif
| #ifdef HAVE_STDINT_H
| # include <stdint.h>
| #endif
| #ifdef HAVE_UNISTD_H
| # include <unistd.h>
| #endif
| int
| main ()
| {
| if (sizeof ((ptrdiff_t)))
| 	    return 0;
|   ;
|   return 0;
| }
configure:15828: result: yes
configure:15840: checking for error_at_line
configure:15856: gcc -o conftest -g -O2   conftest.c -lm  >&5
configure:15856: $? = 0
configure:15864: result: yes
configure:15877: checking for stdlib.h
configure:15877: result: yes
configure:15887: checking for GNU libc compatible malloc
configure:15911: gcc -o conftest -g -O2   conftest.c -lm  >&5
configure:15911: $? = 0
configure:15911: ./conftest
configure:15911: $? = 0
configure:15921: result: yes
configure:15948: checking for stdlib.h
configure:15948: result: yes
configure:15948: checking for unistd.h
configure:15948: result: yes
configure:15948: checking for sys/param.h
configure:15948: gcc -c -g -O2  conftest.c >&5
configure:15948: $? = 0
configure:15948: result: yes
configure:15968: checking for getpagesize
configure:15968: gcc -o conftest -g -O2   conftest.c -lm  >&5
configure:15968: $? = 0
configure:15968: result: yes
configure:15977: checking for working mmap
configure:16124: gcc -o conftest -g -O2   conftest.c -lm  >&5
configure:16124: $? = 0
configure:16124: ./conftest
configure:16124: $? = 0
configure:16134: result: yes
configure:16145: checking for stdlib.h
configure:16145: result: yes
configure:16155: checking for GNU libc compatible realloc
configure:16179: gcc -o conftest -g -O2   conftest.c -lm  >&5
configure:16179: $? = 0
configure:16179: ./conftest
configure:16179: $? = 0
configure:16189: result: yes
configure:16213: checking for atexit
configure:16213: gcc -o conftest -g -O2   conftest.c -lm  >&5
configure:16213: $? = 0
configure:16213: result: yes
configure:16213: checking for clock_gettime
configure:16213: gcc -o conftest -g -O2   conftest.c -lm  >&5
configure:16213: $? = 0
configure:16213: result: yes
configure:16213: checking for getcwd
configure:16213: gcc -o conftest -g -O2   conftest.c -lm  >&5
configure:16213: $? = 0
configure:16213: result: yes
configure:16213: checking for getpagesize
configure:16213: result: yes
configure:16213: checking for gettimeofday
configure:16213: gcc -o conftest -g -O2   conftest.c -lm  >&5
configure:16213: $? = 0
configure:16213: result: yes
configure:16213: checking for memmove
configure:16213: gcc -o conftest -g -O2   conftest.c -lm  >&5
conftest.c:75:6: warning: conflicting types for built-in function 'memmove' [enabled by default]
 char memmove ();
      ^
configure:16213: $? = 0
configure:16213: result: yes
configure:16213: checking for memset
configure:16213: gcc -o conftest -g -O2   conftest.c -lm  >&5
conftest.c:76:6: warning: conflicting types for built-in function 'memset' [enabled by default]
 char memset ();
      ^
configure:16213: $? = 0
configure:16213: result: yes
configure:16213: checking for munmap
configure:16213: gcc -o conftest -g -O2   conftest.c -lm  >&5
configure:16213: $? = 0
configure:16213: result: yes
configure:16213: checking for pow
configure:16213: gcc -o conftest -g -O2   conftest.c -lm  >&5
conftest.c:78:6: warning: conflicting types for built-in function 'pow' [enabled by default]
 char pow ();
      ^
configure:16213: $? = 0
configure:16213: result: yes
configure:16213: checking for sqrt
configure:16213: gcc -o conftest -g -O2   conftest.c -lm  >&5
conftest.c:79:6: warning: conflicting types for built-in function 'sqrt' [enabled by default]
 char sqrt ();
      ^
configure:16213: $? = 0
configure:16213: result: yes
configure:16213: checking for strcasecmp
configure:16213: gcc -o conftest -g -O2   conftest.c -lm  >&5
conftest.c:80:6: warning: conflicting types for built-in function 'strcasecmp' [enabled by default]
 char strcasecmp ();
      ^
configure:16213: $? = 0
configure:16213: result: yes
configure:16213: checking for strchr
configure:16213: gcc -o conftest -g -O2   conftest.c -lm  >&5
conftest.c:81:6: warning: conflicting types for built-in function 'strchr' [enabled by default]
 char strchr ();
      ^
configure:16213: $? = 0
configure:16213: result: yes
configure:16213: checking for strdup
configure:16213: gcc -o conftest -g -O2   conftest.c -lm  >&5
conftest.c:82:6: warning: conflicting types for built-in function 'strdup' [enabled by default]
 char strdup ();
      ^
configure:16213: $? = 0
configure:16213: result: yes
configure:16213: checking for strndup
configure:16213: gcc -o conftest -g -O2   conftest.c -lm  >&5
conftest.c:83:6: warning: conflicting types for built-in function 'strndup' [enabled by default]
 char strndup ();
      ^
configure:16213: $? = 0
configure:16213: result: yes
configure:16213: checking for strstr
configure:16213: gcc -o conftest -g -O2   conftest.c -lm  >&5
conftest.c:84:6: warning: conflicting types for built-in function 'strstr' [enabled by default]
 char strstr ();
      ^
configure:16213: $? = 0
configure:16213: result: yes
configure:16224: checking for library containing pthread_create
configure:16255: gcc -o conftest -g -O2   conftest.c -lm  >&5
/tmp/ccR3SZOn.o: In function `main':
/root/mz/MO-Phylogenetics/lib/Pll/conftest.c:73: undefined reference to `pthread_create'
collect2: error: ld returned 1 exit status
configure:16255: $? = 1
configure: failed program was:
| /* confdefs.h */
| #define PACKAGE_NAME "libpll"
| #define PACKAGE_TARNAME "libpll"
| #define PACKAGE_VERSION "1.0.11"
| #define PACKAGE_STRING "libpll 1.0.11"
| #define PACKAGE_BUGREPORT "Tomas.Flouri@h-its.org"
| #define PACKAGE_URL ""
| #define PACKAGE "libpll"
| #define VERSION "1.0.11"
| #define STDC_HEADERS 1
| #define HAVE_SYS_TYPES_H 1
| #define HAVE_SYS_STAT_H 1
| #define HAVE_STDLIB_H 1
| #define HAVE_STRING_H 1
| #define HAVE_MEMORY_H 1
| #define HAVE_STRINGS_H 1
| #define HAVE_INTTYPES_H 1
| #define HAVE_STDINT_H 1
| #define HAVE_UNISTD_H 1
| #define HAVE_DLFCN_H 1
| #define LT_OBJDIR ".libs/"
| #define HAVE_LIBM 1
| #define HAVE_FCNTL_H 1
| #define HAVE_FLOAT_H 1
| #define HAVE_LIMITS_H 1
| #define HAVE_MALLOC_H 1
| #define HAVE_STDDEF_H 1
| #define HAVE_STDINT_H 1
| #define HAVE_STDLIB_H 1
| #define HAVE_STRING_H 1
| #define HAVE_STRINGS_H 1
| #define HAVE_SYS_TIME_H 1
| #define HAVE_UNISTD_H 1
| #define HAVE__BOOL 1
| #define HAVE_STDBOOL_H 1
| #define HAVE_PTRDIFF_T 1
| #define HAVE_STDLIB_H 1
| #define HAVE_MALLOC 1
| #define HAVE_STDLIB_H 1
| #define HAVE_UNISTD_H 1
| #define HAVE_SYS_PARAM_H 1
| #define HAVE_GETPAGESIZE 1
| #define HAVE_MMAP 1
| #define HAVE_STDLIB_H 1
| #define HAVE_REALLOC 1
| #define HAVE_ATEXIT 1
| #define HAVE_CLOCK_GETTIME 1
| #define HAVE_GETCWD 1
| #define HAVE_GETPAGESIZE 1
| #define HAVE_GETTIMEOFDAY 1
| #define HAVE_MEMMOVE 1
| #define HAVE_MEMSET 1
| #define HAVE_MUNMAP 1
| #define HAVE_POW 1
| #define HAVE_SQRT 1
| #define HAVE_STRCASECMP 1
| #define HAVE_STRCHR 1
| #define HAVE_STRDUP 1
| #define HAVE_STRNDUP 1
| #define HAVE_STRSTR 1
| /* end confdefs.h.  */
| 
| /* Override any GCC internal prototype to avoid an error.
|    Use char because int might match the return type of a GCC
|    builtin and then its argument prototype would still apply.  */
| #ifdef __cplusplus
| extern "C"
| #endif
| char pthread_create ();
| int
| main ()
| {
| return pthread_create ();
|   ;
|   return 0;
| }
configure:16255: gcc -o conftest -g -O2   conftest.c -lpthread  -lm  >&5
configure:16255: $? = 0
configure:16272: result: -lpthread
configure:16284: checking pthread.h usability
configure:16284: gcc -c -g -O2  conftest.c >&5
configure:16284: $? = 0
configure:16284: result: yes
configure:16284: checking pthread.h presence
configure:16284: gcc -E  conftest.c
configure:16284: $? = 0
configure:16284: result: yes
configure:16284: checking for pthread.h
configure:16284: result: yes
configure:16314: checking for x86 cpuid  output
configure:16343: gcc -o conftest -g -O2   conftest.c -lpthread -lm  >&5
conftest.c: In function 'main':
conftest.c:68:15: error: expected expression before ',' token
      int op = , eax, ebx, ecx, edx;
               ^
configure:16343: $? = 1
configure: program exited with status 1
configure: failed program was:
| /* confdefs.h */
| #define PACKAGE_NAME "libpll"
| #define PACKAGE_TARNAME "libpll"
| #define PACKAGE_VERSION "1.0.11"
| #define PACKAGE_STRING "libpll 1.0.11"
| #define PACKAGE_BUGREPORT "Tomas.Flouri@h-its.org"
| #define PACKAGE_URL ""
| #define PACKAGE "libpll"
| #define VERSION "1.0.11"
| #define STDC_HEADERS 1
| #define HAVE_SYS_TYPES_H 1
| #define HAVE_SYS_STAT_H 1
| #define HAVE_STDLIB_H 1
| #define HAVE_STRING_H 1
| #define HAVE_MEMORY_H 1
| #define HAVE_STRINGS_H 1
| #define HAVE_INTTYPES_H 1
| #define HAVE_STDINT_H 1
| #define HAVE_UNISTD_H 1
| #define HAVE_DLFCN_H 1
| #define LT_OBJDIR ".libs/"
| #define HAVE_LIBM 1
| #define HAVE_FCNTL_H 1
| #define HAVE_FLOAT_H 1
| #define HAVE_LIMITS_H 1
| #define HAVE_MALLOC_H 1
| #define HAVE_STDDEF_H 1
| #define HAVE_STDINT_H 1
| #define HAVE_STDLIB_H 1
| #define HAVE_STRING_H 1
| #define HAVE_STRINGS_H 1
| #define HAVE_SYS_TIME_H 1
| #define HAVE_UNISTD_H 1
| #define HAVE__BOOL 1
| #define HAVE_STDBOOL_H 1
| #define HAVE_PTRDIFF_T 1
| #define HAVE_STDLIB_H 1
| #define HAVE_MALLOC 1
| #define HAVE_STDLIB_H 1
| #define HAVE_UNISTD_H 1
| #define HAVE_SYS_PARAM_H 1
| #define HAVE_GETPAGESIZE 1
| #define HAVE_MMAP 1
| #define HAVE_STDLIB_H 1
| #define HAVE_REALLOC 1
| #define HAVE_ATEXIT 1
| #define HAVE_CLOCK_GETTIME 1
| #define HAVE_GETCWD 1
| #define HAVE_GETPAGESIZE 1
| #define HAVE_GETTIMEOFDAY 1
| #define HAVE_MEMMOVE 1
| #define HAVE_MEMSET 1
| #define HAVE_MUNMAP 1
| #define HAVE_POW 1
| #define HAVE_SQRT 1
| #define HAVE_STRCASECMP 1
| #define HAVE_STRCHR 1
| #define HAVE_STRDUP 1
| #define HAVE_STRNDUP 1
| #define HAVE_STRSTR 1
| #define HAVE_PTHREAD_H 1
| /* end confdefs.h.  */
| #include <stdio.h>
| int
| main ()
| {
| 
|      int op = , eax, ebx, ecx, edx;
|      FILE *f;
|       __asm__("cpuid"
|         : "=a" (eax), "=b" (ebx), "=c" (ecx), "=d" (edx)
|         : "a" (op));
|      f = fopen("conftest_cpuid", "w"); if (!f) return 1;
|      fprintf(f, "%x:%x:%x:%x\n", eax, ebx, ecx, edx);
|      fclose(f);
|      return 0;
| 
|   ;
|   return 0;
| }
configure:16353: result: unknown
configure:16372: checking for x86 cpuid 0x00000001 output
configure:16401: gcc -o conftest -g -O2   conftest.c -lpthread -lm  >&5
configure:16401: $? = 0
configure:16401: ./conftest
configure:16401: $? = 0
configure:16411: result: 206c2:1200800:29ee3ff:bfebfbff
configure:16426: checking mmintrin.h usability
configure:16426: gcc -c -g -O2  conftest.c >&5
configure:16426: $? = 0
configure:16426: result: yes
configure:16426: checking mmintrin.h presence
configure:16426: gcc -E  conftest.c
configure:16426: $? = 0
configure:16426: result: yes
configure:16426: checking for mmintrin.h
configure:16426: result: yes
configure:16426: checking xmmintrin.h usability
configure:16426: gcc -c -g -O2  conftest.c >&5
configure:16426: $? = 0
configure:16426: result: yes
configure:16426: checking xmmintrin.h presence
configure:16426: gcc -E  conftest.c
configure:16426: $? = 0
configure:16426: result: yes
configure:16426: checking for xmmintrin.h
configure:16426: result: yes
configure:16426: checking emmintrin.h usability
configure:16426: gcc -c -g -O2  conftest.c >&5
configure:16426: $? = 0
configure:16426: result: yes
configure:16426: checking emmintrin.h presence
configure:16426: gcc -E  conftest.c
configure:16426: $? = 0
configure:16426: result: yes
configure:16426: checking for emmintrin.h
configure:16426: result: yes
configure:16426: checking pmmintrin.h usability
configure:16426: gcc -c -g -O2  conftest.c >&5
In file included from conftest.c:99:0:
/usr/lib/gcc/x86_64-redhat-linux/4.8.5/include/pmmintrin.h:31:3: error: #error "SSE3 instruction set not enabled"
 # error "SSE3 instruction set not enabled"
   ^
configure:16426: $? = 1
configure: failed program was:
| /* confdefs.h */
| #define PACKAGE_NAME "libpll"
| #define PACKAGE_TARNAME "libpll"
| #define PACKAGE_VERSION "1.0.11"
| #define PACKAGE_STRING "libpll 1.0.11"
| #define PACKAGE_BUGREPORT "Tomas.Flouri@h-its.org"
| #define PACKAGE_URL ""
| #define PACKAGE "libpll"
| #define VERSION "1.0.11"
| #define STDC_HEADERS 1
| #define HAVE_SYS_TYPES_H 1
| #define HAVE_SYS_STAT_H 1
| #define HAVE_STDLIB_H 1
| #define HAVE_STRING_H 1
| #define HAVE_MEMORY_H 1
| #define HAVE_STRINGS_H 1
| #define HAVE_INTTYPES_H 1
| #define HAVE_STDINT_H 1
| #define HAVE_UNISTD_H 1
| #define HAVE_DLFCN_H 1
| #define LT_OBJDIR ".libs/"
| #define HAVE_LIBM 1
| #define HAVE_FCNTL_H 1
| #define HAVE_FLOAT_H 1
| #define HAVE_LIMITS_H 1
| #define HAVE_MALLOC_H 1
| #define HAVE_STDDEF_H 1
| #define HAVE_STDINT_H 1
| #define HAVE_STDLIB_H 1
| #define HAVE_STRING_H 1
| #define HAVE_STRINGS_H 1
| #define HAVE_SYS_TIME_H 1
| #define HAVE_UNISTD_H 1
| #define HAVE__BOOL 1
| #define HAVE_STDBOOL_H 1
| #define HAVE_PTRDIFF_T 1
| #define HAVE_STDLIB_H 1
| #define HAVE_MALLOC 1
| #define HAVE_STDLIB_H 1
| #define HAVE_UNISTD_H 1
| #define HAVE_SYS_PARAM_H 1
| #define HAVE_GETPAGESIZE 1
| #define HAVE_MMAP 1
| #define HAVE_STDLIB_H 1
| #define HAVE_REALLOC 1
| #define HAVE_ATEXIT 1
| #define HAVE_CLOCK_GETTIME 1
| #define HAVE_GETCWD 1
| #define HAVE_GETPAGESIZE 1
| #define HAVE_GETTIMEOFDAY 1
| #define HAVE_MEMMOVE 1
| #define HAVE_MEMSET 1
| #define HAVE_MUNMAP 1
| #define HAVE_POW 1
| #define HAVE_SQRT 1
| #define HAVE_STRCASECMP 1
| #define HAVE_STRCHR 1
| #define HAVE_STRDUP 1
| #define HAVE_STRNDUP 1
| #define HAVE_STRSTR 1
| #define HAVE_PTHREAD_H 1
| #define HAVE_MMINTRIN_H 1
| #define HAVE_XMMINTRIN_H 1
| #define HAVE_EMMINTRIN_H 1
| /* end confdefs.h.  */
| #include <stdio.h>
| #ifdef HAVE_SYS_TYPES_H
| # include <sys/types.h>
| #endif
| #ifdef HAVE_SYS_STAT_H
| # include <sys/stat.h>
| #endif
| #ifdef STDC_HEADERS
| # include <stdlib.h>
| # include <stddef.h>
| #else
| # ifdef HAVE_STDLIB_H
| #  include <stdlib.h>
| # endif
| #endif
| #ifdef HAVE_STRING_H
| # if !defined STDC_HEADERS && defined HAVE_MEMORY_H
| #  include <memory.h>
| # endif
| # include <string.h>
| #endif
| #ifdef HAVE_STRINGS_H
| # include <strings.h>
| #endif
| #ifdef HAVE_INTTYPES_H
| # include <inttypes.h>
| #endif
| #ifdef HAVE_STDINT_H
| # include <stdint.h>
| #endif
| #ifdef HAVE_UNISTD_H
| # include <unistd.h>
| #endif
| #include <pmmintrin.h>
configure:16426: result: no
configure:16426: checking pmmintrin.h presence
configure:16426: gcc -E  conftest.c
In file included from conftest.c:66:0:
/usr/lib/gcc/x86_64-redhat-linux/4.8.5/include/pmmintrin.h:31:3: error: #error "SSE3 instruction set not enabled"
 # error "SSE3 instruction set not enabled"
   ^
configure:16426: $? = 1
configure: failed program was:
| /* confdefs.h */
| #define PACKAGE_NAME "libpll"
| #define PACKAGE_TARNAME "libpll"
| #define PACKAGE_VERSION "1.0.11"
| #define PACKAGE_STRING "libpll 1.0.11"
| #define PACKAGE_BUGREPORT "Tomas.Flouri@h-its.org"
| #define PACKAGE_URL ""
| #define PACKAGE "libpll"
| #define VERSION "1.0.11"
| #define STDC_HEADERS 1
| #define HAVE_SYS_TYPES_H 1
| #define HAVE_SYS_STAT_H 1
| #define HAVE_STDLIB_H 1
| #define HAVE_STRING_H 1
| #define HAVE_MEMORY_H 1
| #define HAVE_STRINGS_H 1
| #define HAVE_INTTYPES_H 1
| #define HAVE_STDINT_H 1
| #define HAVE_UNISTD_H 1
| #define HAVE_DLFCN_H 1
| #define LT_OBJDIR ".libs/"
| #define HAVE_LIBM 1
| #define HAVE_FCNTL_H 1
| #define HAVE_FLOAT_H 1
| #define HAVE_LIMITS_H 1
| #define HAVE_MALLOC_H 1
| #define HAVE_STDDEF_H 1
| #define HAVE_STDINT_H 1
| #define HAVE_STDLIB_H 1
| #define HAVE_STRING_H 1
| #define HAVE_STRINGS_H 1
| #define HAVE_SYS_TIME_H 1
| #define HAVE_UNISTD_H 1
| #define HAVE__BOOL 1
| #define HAVE_STDBOOL_H 1
| #define HAVE_PTRDIFF_T 1
| #define HAVE_STDLIB_H 1
| #define HAVE_MALLOC 1
| #define HAVE_STDLIB_H 1
| #define HAVE_UNISTD_H 1
| #define HAVE_SYS_PARAM_H 1
| #define HAVE_GETPAGESIZE 1
| #define HAVE_MMAP 1
| #define HAVE_STDLIB_H 1
| #define HAVE_REALLOC 1
| #define HAVE_ATEXIT 1
| #define HAVE_CLOCK_GETTIME 1
| #define HAVE_GETCWD 1
| #define HAVE_GETPAGESIZE 1
| #define HAVE_GETTIMEOFDAY 1
| #define HAVE_MEMMOVE 1
| #define HAVE_MEMSET 1
| #define HAVE_MUNMAP 1
| #define HAVE_POW 1
| #define HAVE_SQRT 1
| #define HAVE_STRCASECMP 1
| #define HAVE_STRCHR 1
| #define HAVE_STRDUP 1
| #define HAVE_STRNDUP 1
| #define HAVE_STRSTR 1
| #define HAVE_PTHREAD_H 1
| #define HAVE_MMINTRIN_H 1
| #define HAVE_XMMINTRIN_H 1
| #define HAVE_EMMINTRIN_H 1
| /* end confdefs.h.  */
| #include <pmmintrin.h>
configure:16426: result: no
configure:16426: checking for pmmintrin.h
configure:16426: result: no
configure:16426: checking tmmintrin.h usability
configure:16426: gcc -c -g -O2  conftest.c >&5
In file included from conftest.c:99:0:
/usr/lib/gcc/x86_64-redhat-linux/4.8.5/include/tmmintrin.h:31:3: error: #error "SSSE3 instruction set not enabled"
 # error "SSSE3 instruction set not enabled"
   ^
configure:16426: $? = 1
configure: failed program was:
| /* confdefs.h */
| #define PACKAGE_NAME "libpll"
| #define PACKAGE_TARNAME "libpll"
| #define PACKAGE_VERSION "1.0.11"
| #define PACKAGE_STRING "libpll 1.0.11"
| #define PACKAGE_BUGREPORT "Tomas.Flouri@h-its.org"
| #define PACKAGE_URL ""
| #define PACKAGE "libpll"
| #define VERSION "1.0.11"
| #define STDC_HEADERS 1
| #define HAVE_SYS_TYPES_H 1
| #define HAVE_SYS_STAT_H 1
| #define HAVE_STDLIB_H 1
| #define HAVE_STRING_H 1
| #define HAVE_MEMORY_H 1
| #define HAVE_STRINGS_H 1
| #define HAVE_INTTYPES_H 1
| #define HAVE_STDINT_H 1
| #define HAVE_UNISTD_H 1
| #define HAVE_DLFCN_H 1
| #define LT_OBJDIR ".libs/"
| #define HAVE_LIBM 1
| #define HAVE_FCNTL_H 1
| #define HAVE_FLOAT_H 1
| #define HAVE_LIMITS_H 1
| #define HAVE_MALLOC_H 1
| #define HAVE_STDDEF_H 1
| #define HAVE_STDINT_H 1
| #define HAVE_STDLIB_H 1
| #define HAVE_STRING_H 1
| #define HAVE_STRINGS_H 1
| #define HAVE_SYS_TIME_H 1
| #define HAVE_UNISTD_H 1
| #define HAVE__BOOL 1
| #define HAVE_STDBOOL_H 1
| #define HAVE_PTRDIFF_T 1
| #define HAVE_STDLIB_H 1
| #define HAVE_MALLOC 1
| #define HAVE_STDLIB_H 1
| #define HAVE_UNISTD_H 1
| #define HAVE_SYS_PARAM_H 1
| #define HAVE_GETPAGESIZE 1
| #define HAVE_MMAP 1
| #define HAVE_STDLIB_H 1
| #define HAVE_REALLOC 1
| #define HAVE_ATEXIT 1
| #define HAVE_CLOCK_GETTIME 1
| #define HAVE_GETCWD 1
| #define HAVE_GETPAGESIZE 1
| #define HAVE_GETTIMEOFDAY 1
| #define HAVE_MEMMOVE 1
| #define HAVE_MEMSET 1
| #define HAVE_MUNMAP 1
| #define HAVE_POW 1
| #define HAVE_SQRT 1
| #define HAVE_STRCASECMP 1
| #define HAVE_STRCHR 1
| #define HAVE_STRDUP 1
| #define HAVE_STRNDUP 1
| #define HAVE_STRSTR 1
| #define HAVE_PTHREAD_H 1
| #define HAVE_MMINTRIN_H 1
| #define HAVE_XMMINTRIN_H 1
| #define HAVE_EMMINTRIN_H 1
| /* end confdefs.h.  */
| #include <stdio.h>
| #ifdef HAVE_SYS_TYPES_H
| # include <sys/types.h>
| #endif
| #ifdef HAVE_SYS_STAT_H
| # include <sys/stat.h>
| #endif
| #ifdef STDC_HEADERS
| # include <stdlib.h>
| # include <stddef.h>
| #else
| # ifdef HAVE_STDLIB_H
| #  include <stdlib.h>
| # endif
| #endif
| #ifdef HAVE_STRING_H
| # if !defined STDC_HEADERS && defined HAVE_MEMORY_H
| #  include <memory.h>
| # endif
| # include <string.h>
| #endif
| #ifdef HAVE_STRINGS_H
| # include <strings.h>
| #endif
| #ifdef HAVE_INTTYPES_H
| # include <inttypes.h>
| #endif
| #ifdef HAVE_STDINT_H
| # include <stdint.h>
| #endif
| #ifdef HAVE_UNISTD_H
| # include <unistd.h>
| #endif
| #include <tmmintrin.h>
configure:16426: result: no
configure:16426: checking tmmintrin.h presence
configure:16426: gcc -E  conftest.c
In file included from conftest.c:66:0:
/usr/lib/gcc/x86_64-redhat-linux/4.8.5/include/tmmintrin.h:31:3: error: #error "SSSE3 instruction set not enabled"
 # error "SSSE3 instruction set not enabled"
   ^
configure:16426: $? = 1
configure: failed program was:
| /* confdefs.h */
| #define PACKAGE_NAME "libpll"
| #define PACKAGE_TARNAME "libpll"
| #define PACKAGE_VERSION "1.0.11"
| #define PACKAGE_STRING "libpll 1.0.11"
| #define PACKAGE_BUGREPORT "Tomas.Flouri@h-its.org"
| #define PACKAGE_URL ""
| #define PACKAGE "libpll"
| #define VERSION "1.0.11"
| #define STDC_HEADERS 1
| #define HAVE_SYS_TYPES_H 1
| #define HAVE_SYS_STAT_H 1
| #define HAVE_STDLIB_H 1
| #define HAVE_STRING_H 1
| #define HAVE_MEMORY_H 1
| #define HAVE_STRINGS_H 1
| #define HAVE_INTTYPES_H 1
| #define HAVE_STDINT_H 1
| #define HAVE_UNISTD_H 1
| #define HAVE_DLFCN_H 1
| #define LT_OBJDIR ".libs/"
| #define HAVE_LIBM 1
| #define HAVE_FCNTL_H 1
| #define HAVE_FLOAT_H 1
| #define HAVE_LIMITS_H 1
| #define HAVE_MALLOC_H 1
| #define HAVE_STDDEF_H 1
| #define HAVE_STDINT_H 1
| #define HAVE_STDLIB_H 1
| #define HAVE_STRING_H 1
| #define HAVE_STRINGS_H 1
| #define HAVE_SYS_TIME_H 1
| #define HAVE_UNISTD_H 1
| #define HAVE__BOOL 1
| #define HAVE_STDBOOL_H 1
| #define HAVE_PTRDIFF_T 1
| #define HAVE_STDLIB_H 1
| #define HAVE_MALLOC 1
| #define HAVE_STDLIB_H 1
| #define HAVE_UNISTD_H 1
| #define HAVE_SYS_PARAM_H 1
| #define HAVE_GETPAGESIZE 1
| #define HAVE_MMAP 1
| #define HAVE_STDLIB_H 1
| #define HAVE_REALLOC 1
| #define HAVE_ATEXIT 1
| #define HAVE_CLOCK_GETTIME 1
| #define HAVE_GETCWD 1
| #define HAVE_GETPAGESIZE 1
| #define HAVE_GETTIMEOFDAY 1
| #define HAVE_MEMMOVE 1
| #define HAVE_MEMSET 1
| #define HAVE_MUNMAP 1
| #define HAVE_POW 1
| #define HAVE_SQRT 1
| #define HAVE_STRCASECMP 1
| #define HAVE_STRCHR 1
| #define HAVE_STRDUP 1
| #define HAVE_STRNDUP 1
| #define HAVE_STRSTR 1
| #define HAVE_PTHREAD_H 1
| #define HAVE_MMINTRIN_H 1
| #define HAVE_XMMINTRIN_H 1
| #define HAVE_EMMINTRIN_H 1
| /* end confdefs.h.  */
| #include <tmmintrin.h>
configure:16426: result: no
configure:16426: checking for tmmintrin.h
configure:16426: result: no
configure:16426: checking smmintrin.h usability
configure:16426: gcc -c -g -O2  conftest.c >&5
In file included from conftest.c:99:0:
/usr/lib/gcc/x86_64-redhat-linux/4.8.5/include/smmintrin.h:31:3: error: #error "SSE4.1 instruction set not enabled"
 # error "SSE4.1 instruction set not enabled"
   ^
configure:16426: $? = 1
configure: failed program was:
| /* confdefs.h */
| #define PACKAGE_NAME "libpll"
| #define PACKAGE_TARNAME "libpll"
| #define PACKAGE_VERSION "1.0.11"
| #define PACKAGE_STRING "libpll 1.0.11"
| #define PACKAGE_BUGREPORT "Tomas.Flouri@h-its.org"
| #define PACKAGE_URL ""
| #define PACKAGE "libpll"
| #define VERSION "1.0.11"
| #define STDC_HEADERS 1
| #define HAVE_SYS_TYPES_H 1
| #define HAVE_SYS_STAT_H 1
| #define HAVE_STDLIB_H 1
| #define HAVE_STRING_H 1
| #define HAVE_MEMORY_H 1
| #define HAVE_STRINGS_H 1
| #define HAVE_INTTYPES_H 1
| #define HAVE_STDINT_H 1
| #define HAVE_UNISTD_H 1
| #define HAVE_DLFCN_H 1
| #define LT_OBJDIR ".libs/"
| #define HAVE_LIBM 1
| #define HAVE_FCNTL_H 1
| #define HAVE_FLOAT_H 1
| #define HAVE_LIMITS_H 1
| #define HAVE_MALLOC_H 1
| #define HAVE_STDDEF_H 1
| #define HAVE_STDINT_H 1
| #define HAVE_STDLIB_H 1
| #define HAVE_STRING_H 1
| #define HAVE_STRINGS_H 1
| #define HAVE_SYS_TIME_H 1
| #define HAVE_UNISTD_H 1
| #define HAVE__BOOL 1
| #define HAVE_STDBOOL_H 1
| #define HAVE_PTRDIFF_T 1
| #define HAVE_STDLIB_H 1
| #define HAVE_MALLOC 1
| #define HAVE_STDLIB_H 1
| #define HAVE_UNISTD_H 1
| #define HAVE_SYS_PARAM_H 1
| #define HAVE_GETPAGESIZE 1
| #define HAVE_MMAP 1
| #define HAVE_STDLIB_H 1
| #define HAVE_REALLOC 1
| #define HAVE_ATEXIT 1
| #define HAVE_CLOCK_GETTIME 1
| #define HAVE_GETCWD 1
| #define HAVE_GETPAGESIZE 1
| #define HAVE_GETTIMEOFDAY 1
| #define HAVE_MEMMOVE 1
| #define HAVE_MEMSET 1
| #define HAVE_MUNMAP 1
| #define HAVE_POW 1
| #define HAVE_SQRT 1
| #define HAVE_STRCASECMP 1
| #define HAVE_STRCHR 1
| #define HAVE_STRDUP 1
| #define HAVE_STRNDUP 1
| #define HAVE_STRSTR 1
| #define HAVE_PTHREAD_H 1
| #define HAVE_MMINTRIN_H 1
| #define HAVE_XMMINTRIN_H 1
| #define HAVE_EMMINTRIN_H 1
| /* end confdefs.h.  */
| #include <stdio.h>
| #ifdef HAVE_SYS_TYPES_H
| # include <sys/types.h>
| #endif
| #ifdef HAVE_SYS_STAT_H
| # include <sys/stat.h>
| #endif
| #ifdef STDC_HEADERS
| # include <stdlib.h>
| # include <stddef.h>
| #else
| # ifdef HAVE_STDLIB_H
| #  include <stdlib.h>
| # endif
| #endif
| #ifdef HAVE_STRING_H
| # if !defined STDC_HEADERS && defined HAVE_MEMORY_H
| #  include <memory.h>
| # endif
| # include <string.h>
| #endif
| #ifdef HAVE_STRINGS_H
| # include <strings.h>
| #endif
| #ifdef HAVE_INTTYPES_H
| # include <inttypes.h>
| #endif
| #ifdef HAVE_STDINT_H
| # include <stdint.h>
| #endif
| #ifdef HAVE_UNISTD_H
| # include <unistd.h>
| #endif
| #include <smmintrin.h>
configure:16426: result: no
configure:16426: checking smmintrin.h presence
configure:16426: gcc -E  conftest.c
In file included from conftest.c:66:0:
/usr/lib/gcc/x86_64-redhat-linux/4.8.5/include/smmintrin.h:31:3: error: #error "SSE4.1 instruction set not enabled"
 # error "SSE4.1 instruction set not enabled"
   ^
configure:16426: $? = 1
configure: failed program was:
| /* confdefs.h */
| #define PACKAGE_NAME "libpll"
| #define PACKAGE_TARNAME "libpll"
| #define PACKAGE_VERSION "1.0.11"
| #define PACKAGE_STRING "libpll 1.0.11"
| #define PACKAGE_BUGREPORT "Tomas.Flouri@h-its.org"
| #define PACKAGE_URL ""
| #define PACKAGE "libpll"
| #define VERSION "1.0.11"
| #define STDC_HEADERS 1
| #define HAVE_SYS_TYPES_H 1
| #define HAVE_SYS_STAT_H 1
| #define HAVE_STDLIB_H 1
| #define HAVE_STRING_H 1
| #define HAVE_MEMORY_H 1
| #define HAVE_STRINGS_H 1
| #define HAVE_INTTYPES_H 1
| #define HAVE_STDINT_H 1
| #define HAVE_UNISTD_H 1
| #define HAVE_DLFCN_H 1
| #define LT_OBJDIR ".libs/"
| #define HAVE_LIBM 1
| #define HAVE_FCNTL_H 1
| #define HAVE_FLOAT_H 1
| #define HAVE_LIMITS_H 1
| #define HAVE_MALLOC_H 1
| #define HAVE_STDDEF_H 1
| #define HAVE_STDINT_H 1
| #define HAVE_STDLIB_H 1
| #define HAVE_STRING_H 1
| #define HAVE_STRINGS_H 1
| #define HAVE_SYS_TIME_H 1
| #define HAVE_UNISTD_H 1
| #define HAVE__BOOL 1
| #define HAVE_STDBOOL_H 1
| #define HAVE_PTRDIFF_T 1
| #define HAVE_STDLIB_H 1
| #define HAVE_MALLOC 1
| #define HAVE_STDLIB_H 1
| #define HAVE_UNISTD_H 1
| #define HAVE_SYS_PARAM_H 1
| #define HAVE_GETPAGESIZE 1
| #define HAVE_MMAP 1
| #define HAVE_STDLIB_H 1
| #define HAVE_REALLOC 1
| #define HAVE_ATEXIT 1
| #define HAVE_CLOCK_GETTIME 1
| #define HAVE_GETCWD 1
| #define HAVE_GETPAGESIZE 1
| #define HAVE_GETTIMEOFDAY 1
| #define HAVE_MEMMOVE 1
| #define HAVE_MEMSET 1
| #define HAVE_MUNMAP 1
| #define HAVE_POW 1
| #define HAVE_SQRT 1
| #define HAVE_STRCASECMP 1
| #define HAVE_STRCHR 1
| #define HAVE_STRDUP 1
| #define HAVE_STRNDUP 1
| #define HAVE_STRSTR 1
| #define HAVE_PTHREAD_H 1
| #define HAVE_MMINTRIN_H 1
| #define HAVE_XMMINTRIN_H 1
| #define HAVE_EMMINTRIN_H 1
| /* end confdefs.h.  */
| #include <smmintrin.h>
configure:16426: result: no
configure:16426: checking for smmintrin.h
configure:16426: result: no
configure:16426: checking immintrin.h usability
configure:16426: gcc -c -g -O2  conftest.c >&5
configure:16426: $? = 0
configure:16426: result: yes
configure:16426: checking immintrin.h presence
configure:16426: gcc -E  conftest.c
configure:16426: $? = 0
configure:16426: result: yes
configure:16426: checking for immintrin.h
configure:16426: result: yes
configure:16437: checking whether mmx is supported
configure:16449: result: yes
configure:16452: checking whether sse is supported
configure:16464: result: yes
configure:16467: checking whether sse2 is supported
configure:16479: result: yes
configure:16482: checking whether sse3 is supported
configure:16494: result: yes
configure:16497: checking whether ssse3 is supported
configure:16509: result: yes
configure:16512: checking whether sse4.1 is supported
configure:16524: result: yes
configure:16527: checking whether sse4.2 is supported
configure:16539: result: yes
configure:16542: checking whether avx is supported
configure:16554: result: no
configure:16561: checking whether C compiler accepts -mmmx
configure:16580: gcc -c -g -O2  -mmmx  conftest.c >&5
configure:16580: $? = 0
configure:16588: result: yes
configure:16602: checking whether C compiler accepts -msse
configure:16621: gcc -c -g -O2  -msse  conftest.c >&5
configure:16621: $? = 0
configure:16629: result: yes
configure:16643: checking whether C compiler accepts -msse2
configure:16662: gcc -c -g -O2  -msse2  conftest.c >&5
configure:16662: $? = 0
configure:16670: result: yes
configure:16982: checking for mpicc
configure:17012: result: no
configure:16982: checking for hcc
configure:17012: result: no
configure:16982: checking for mpxlc_r
configure:17012: result: no
configure:16982: checking for mpxlc
configure:17012: result: no
configure:16982: checking for mpcc
configure:17012: result: no
configure:16982: checking for cmpicc
configure:17012: result: no
configure:17027: checking for MPI_Init
configure:17027: gcc -o conftest -g -O2   conftest.c -lpthread -lm  >&5
/tmp/ccqlivdk.o: In function `main':
/root/mz/MO-Phylogenetics/lib/Pll/conftest.c:104: undefined reference to `MPI_Init'
collect2: error: ld returned 1 exit status
configure:17027: $? = 1
configure: failed program was:
| /* confdefs.h */
| #define PACKAGE_NAME "libpll"
| #define PACKAGE_TARNAME "libpll"
| #define PACKAGE_VERSION "1.0.11"
| #define PACKAGE_STRING "libpll 1.0.11"
| #define PACKAGE_BUGREPORT "Tomas.Flouri@h-its.org"
| #define PACKAGE_URL ""
| #define PACKAGE "libpll"
| #define VERSION "1.0.11"
| #define STDC_HEADERS 1
| #define HAVE_SYS_TYPES_H 1
| #define HAVE_SYS_STAT_H 1
| #define HAVE_STDLIB_H 1
| #define HAVE_STRING_H 1
| #define HAVE_MEMORY_H 1
| #define HAVE_STRINGS_H 1
| #define HAVE_INTTYPES_H 1
| #define HAVE_STDINT_H 1
| #define HAVE_UNISTD_H 1
| #define HAVE_DLFCN_H 1
| #define LT_OBJDIR ".libs/"
| #define HAVE_LIBM 1
| #define HAVE_FCNTL_H 1
| #define HAVE_FLOAT_H 1
| #define HAVE_LIMITS_H 1
| #define HAVE_MALLOC_H 1
| #define HAVE_STDDEF_H 1
| #define HAVE_STDINT_H 1
| #define HAVE_STDLIB_H 1
| #define HAVE_STRING_H 1
| #define HAVE_STRINGS_H 1
| #define HAVE_SYS_TIME_H 1
| #define HAVE_UNISTD_H 1
| #define HAVE__BOOL 1
| #define HAVE_STDBOOL_H 1
| #define HAVE_PTRDIFF_T 1
| #define HAVE_STDLIB_H 1
| #define HAVE_MALLOC 1
| #define HAVE_STDLIB_H 1
| #define HAVE_UNISTD_H 1
| #define HAVE_SYS_PARAM_H 1
| #define HAVE_GETPAGESIZE 1
| #define HAVE_MMAP 1
| #define HAVE_STDLIB_H 1
| #define HAVE_REALLOC 1
| #define HAVE_ATEXIT 1
| #define HAVE_CLOCK_GETTIME 1
| #define HAVE_GETCWD 1
| #define HAVE_GETPAGESIZE 1
| #define HAVE_GETTIMEOFDAY 1
| #define HAVE_MEMMOVE 1
| #define HAVE_MEMSET 1
| #define HAVE_MUNMAP 1
| #define HAVE_POW 1
| #define HAVE_SQRT 1
| #define HAVE_STRCASECMP 1
| #define HAVE_STRCHR 1
| #define HAVE_STRDUP 1
| #define HAVE_STRNDUP 1
| #define HAVE_STRSTR 1
| #define HAVE_PTHREAD_H 1
| #define HAVE_MMINTRIN_H 1
| #define HAVE_XMMINTRIN_H 1
| #define HAVE_EMMINTRIN_H 1
| #define HAVE_IMMINTRIN_H 1
| #define HAVE_MMX /**/
| #define HAVE_SSE /**/
| #define HAVE_SSE2 /**/
| /* end confdefs.h.  */
| /* Define MPI_Init to an innocuous variant, in case <limits.h> declares MPI_Init.
|    For example, HP-UX 11i <limits.h> declares gettimeofday.  */
| #define MPI_Init innocuous_MPI_Init
| 
| /* System header to define __stub macros and hopefully few prototypes,
|     which can conflict with char MPI_Init (); below.
|     Prefer <limits.h> to <assert.h> if __STDC__ is defined, since
|     <limits.h> exists even on freestanding compilers.  */
| 
| #ifdef __STDC__
| # include <limits.h>
| #else
| # include <assert.h>
| #endif
| 
| #undef MPI_Init
| 
| /* Override any GCC internal prototype to avoid an error.
|    Use char because int might match the return type of a GCC
|    builtin and then its argument prototype would still apply.  */
| #ifdef __cplusplus
| extern "C"
| #endif
| char MPI_Init ();
| /* The GNU C library defines this for functions which it implements
|     to always fail with ENOSYS.  Some functions are actually named
|     something starting with __ and the normal name is an alias.  */
| #if defined __stub_MPI_Init || defined __stub___MPI_Init
| choke me
| #endif
| 
| int
| main ()
| {
| return MPI_Init ();
|   ;
|   return 0;
| }
configure:17027: result: no
configure:17035: checking for MPI_Init in -lmpi
configure:17060: gcc -o conftest -g -O2   conftest.c -lmpi  -lpthread -lm  >&5
/usr/bin/ld: cannot find -lmpi
collect2: error: ld returned 1 exit status
configure:17060: $? = 1
configure: failed program was:
| /* confdefs.h */
| #define PACKAGE_NAME "libpll"
| #define PACKAGE_TARNAME "libpll"
| #define PACKAGE_VERSION "1.0.11"
| #define PACKAGE_STRING "libpll 1.0.11"
| #define PACKAGE_BUGREPORT "Tomas.Flouri@h-its.org"
| #define PACKAGE_URL ""
| #define PACKAGE "libpll"
| #define VERSION "1.0.11"
| #define STDC_HEADERS 1
| #define HAVE_SYS_TYPES_H 1
| #define HAVE_SYS_STAT_H 1
| #define HAVE_STDLIB_H 1
| #define HAVE_STRING_H 1
| #define HAVE_MEMORY_H 1
| #define HAVE_STRINGS_H 1
| #define HAVE_INTTYPES_H 1
| #define HAVE_STDINT_H 1
| #define HAVE_UNISTD_H 1
| #define HAVE_DLFCN_H 1
| #define LT_OBJDIR ".libs/"
| #define HAVE_LIBM 1
| #define HAVE_FCNTL_H 1
| #define HAVE_FLOAT_H 1
| #define HAVE_LIMITS_H 1
| #define HAVE_MALLOC_H 1
| #define HAVE_STDDEF_H 1
| #define HAVE_STDINT_H 1
| #define HAVE_STDLIB_H 1
| #define HAVE_STRING_H 1
| #define HAVE_STRINGS_H 1
| #define HAVE_SYS_TIME_H 1
| #define HAVE_UNISTD_H 1
| #define HAVE__BOOL 1
| #define HAVE_STDBOOL_H 1
| #define HAVE_PTRDIFF_T 1
| #define HAVE_STDLIB_H 1
| #define HAVE_MALLOC 1
| #define HAVE_STDLIB_H 1
| #define HAVE_UNISTD_H 1
| #define HAVE_SYS_PARAM_H 1
| #define HAVE_GETPAGESIZE 1
| #define HAVE_MMAP 1
| #define HAVE_STDLIB_H 1
| #define HAVE_REALLOC 1
| #define HAVE_ATEXIT 1
| #define HAVE_CLOCK_GETTIME 1
| #define HAVE_GETCWD 1
| #define HAVE_GETPAGESIZE 1
| #define HAVE_GETTIMEOFDAY 1
| #define HAVE_MEMMOVE 1
| #define HAVE_MEMSET 1
| #define HAVE_MUNMAP 1
| #define HAVE_POW 1
| #define HAVE_SQRT 1
| #define HAVE_STRCASECMP 1
| #define HAVE_STRCHR 1
| #define HAVE_STRDUP 1
| #define HAVE_STRNDUP 1
| #define HAVE_STRSTR 1
| #define HAVE_PTHREAD_H 1
| #define HAVE_MMINTRIN_H 1
| #define HAVE_XMMINTRIN_H 1
| #define HAVE_EMMINTRIN_H 1
| #define HAVE_IMMINTRIN_H 1
| #define HAVE_MMX /**/
| #define HAVE_SSE /**/
| #define HAVE_SSE2 /**/
| /* end confdefs.h.  */
| 
| /* Override any GCC internal prototype to avoid an error.
|    Use char because int might match the return type of a GCC
|    builtin and then its argument prototype would still apply.  */
| #ifdef __cplusplus
| extern "C"
| #endif
| char MPI_Init ();
| int
| main ()
| {
| return MPI_Init ();
|   ;
|   return 0;
| }
configure:17069: result: no
configure:17077: checking for MPI_Init in -lmpich
configure:17102: gcc -o conftest -g -O2   conftest.c -lmpich  -lpthread -lm  >&5
/usr/bin/ld: cannot find -lmpich
collect2: error: ld returned 1 exit status
configure:17102: $? = 1
configure: failed program was:
| /* confdefs.h */
| #define PACKAGE_NAME "libpll"
| #define PACKAGE_TARNAME "libpll"
| #define PACKAGE_VERSION "1.0.11"
| #define PACKAGE_STRING "libpll 1.0.11"
| #define PACKAGE_BUGREPORT "Tomas.Flouri@h-its.org"
| #define PACKAGE_URL ""
| #define PACKAGE "libpll"
| #define VERSION "1.0.11"
| #define STDC_HEADERS 1
| #define HAVE_SYS_TYPES_H 1
| #define HAVE_SYS_STAT_H 1
| #define HAVE_STDLIB_H 1
| #define HAVE_STRING_H 1
| #define HAVE_MEMORY_H 1
| #define HAVE_STRINGS_H 1
| #define HAVE_INTTYPES_H 1
| #define HAVE_STDINT_H 1
| #define HAVE_UNISTD_H 1
| #define HAVE_DLFCN_H 1
| #define LT_OBJDIR ".libs/"
| #define HAVE_LIBM 1
| #define HAVE_FCNTL_H 1
| #define HAVE_FLOAT_H 1
| #define HAVE_LIMITS_H 1
| #define HAVE_MALLOC_H 1
| #define HAVE_STDDEF_H 1
| #define HAVE_STDINT_H 1
| #define HAVE_STDLIB_H 1
| #define HAVE_STRING_H 1
| #define HAVE_STRINGS_H 1
| #define HAVE_SYS_TIME_H 1
| #define HAVE_UNISTD_H 1
| #define HAVE__BOOL 1
| #define HAVE_STDBOOL_H 1
| #define HAVE_PTRDIFF_T 1
| #define HAVE_STDLIB_H 1
| #define HAVE_MALLOC 1
| #define HAVE_STDLIB_H 1
| #define HAVE_UNISTD_H 1
| #define HAVE_SYS_PARAM_H 1
| #define HAVE_GETPAGESIZE 1
| #define HAVE_MMAP 1
| #define HAVE_STDLIB_H 1
| #define HAVE_REALLOC 1
| #define HAVE_ATEXIT 1
| #define HAVE_CLOCK_GETTIME 1
| #define HAVE_GETCWD 1
| #define HAVE_GETPAGESIZE 1
| #define HAVE_GETTIMEOFDAY 1
| #define HAVE_MEMMOVE 1
| #define HAVE_MEMSET 1
| #define HAVE_MUNMAP 1
| #define HAVE_POW 1
| #define HAVE_SQRT 1
| #define HAVE_STRCASECMP 1
| #define HAVE_STRCHR 1
| #define HAVE_STRDUP 1
| #define HAVE_STRNDUP 1
| #define HAVE_STRSTR 1
| #define HAVE_PTHREAD_H 1
| #define HAVE_MMINTRIN_H 1
| #define HAVE_XMMINTRIN_H 1
| #define HAVE_EMMINTRIN_H 1
| #define HAVE_IMMINTRIN_H 1
| #define HAVE_MMX /**/
| #define HAVE_SSE /**/
| #define HAVE_SSE2 /**/
| /* end confdefs.h.  */
| 
| /* Override any GCC internal prototype to avoid an error.
|    Use char because int might match the return type of a GCC
|    builtin and then its argument prototype would still apply.  */
| #ifdef __cplusplus
| extern "C"
| #endif
| char MPI_Init ();
| int
| main ()
| {
| return MPI_Init ();
|   ;
|   return 0;
| }
configure:17111: result: no
configure:17232: checking dependency style of gcc
configure:17343: result: gcc3
configure:17360: checking dependency style of g++
configure:17471: result: gcc3
configure:17655: checking that generated files are newer than configure
configure:17661: result: done
configure:17728: creating ./config.status

## ---------------------- ##
## Running config.status. ##
## ---------------------- ##

This file was extended by libpll config.status 1.0.11, which was
generated by GNU Autoconf 2.69.  Invocation command line was

  CONFIG_FILES    = 
  CONFIG_HEADERS  = 
  CONFIG_LINKS    = 
  CONFIG_COMMANDS = 
  $ ./config.status 

on wae-20

config.status:1216: creating Makefile
config.status:1216: creating MPI/Makefile
config.status:1216: creating src/Makefile
config.status:1216: creating man/Makefile
config.status:1216: creating examples/Makefile
config.status:1216: creating examples/PLL/Makefile
config.status:1216: creating config.h
config.status:1397: config.h is unchanged
config.status:1445: executing depfiles commands
config.status:1445: executing libtool commands

## ---------------- ##
## Cache variables. ##
## ---------------- ##

ac_cv_build=x86_64-unknown-linux-gnu
ac_cv_c_compiler_gnu=yes
ac_cv_c_inline=inline
ac_cv_c_int64_t=yes
ac_cv_c_uint32_t=yes
ac_cv_c_uint64_t=yes
ac_cv_c_uint8_t=yes
ac_cv_cxx_compiler_gnu=yes
ac_cv_env_CCC_set=
ac_cv_env_CCC_value=
ac_cv_env_CC_set=
ac_cv_env_CC_value=
ac_cv_env_CFLAGS_set=
ac_cv_env_CFLAGS_value=
ac_cv_env_CPPFLAGS_set=
ac_cv_env_CPPFLAGS_value=
ac_cv_env_CPP_set=
ac_cv_env_CPP_value=
ac_cv_env_CXXCPP_set=
ac_cv_env_CXXCPP_value=
ac_cv_env_CXXFLAGS_set=
ac_cv_env_CXXFLAGS_value=
ac_cv_env_CXX_set=
ac_cv_env_CXX_value=
ac_cv_env_LDFLAGS_set=
ac_cv_env_LDFLAGS_value=
ac_cv_env_LIBS_set=
ac_cv_env_LIBS_value=
ac_cv_env_MPICC_set=
ac_cv_env_MPICC_value=
ac_cv_env_build_alias_set=
ac_cv_env_build_alias_value=
ac_cv_env_host_alias_set=
ac_cv_env_host_alias_value=
ac_cv_env_target_alias_set=
ac_cv_env_target_alias_value=
ac_cv_func_MPI_Init=no
ac_cv_func_atexit=yes
ac_cv_func_clock_gettime=yes
ac_cv_func_getcwd=yes
ac_cv_func_getpagesize=yes
ac_cv_func_gettimeofday=yes
ac_cv_func_malloc_0_nonnull=yes
ac_cv_func_memmove=yes
ac_cv_func_memset=yes
ac_cv_func_mmap_fixed_mapped=yes
ac_cv_func_munmap=yes
ac_cv_func_pow=yes
ac_cv_func_realloc_0_nonnull=yes
ac_cv_func_sqrt=yes
ac_cv_func_strcasecmp=yes
ac_cv_func_strchr=yes
ac_cv_func_strdup=yes
ac_cv_func_strndup=yes
ac_cv_func_strstr=yes
ac_cv_header_dlfcn_h=yes
ac_cv_header_emmintrin_h=yes
ac_cv_header_fcntl_h=yes
ac_cv_header_float_h=yes
ac_cv_header_immintrin_h=yes
ac_cv_header_inttypes_h=yes
ac_cv_header_limits_h=yes
ac_cv_header_malloc_h=yes
ac_cv_header_memory_h=yes
ac_cv_header_mmintrin_h=yes
ac_cv_header_pmmintrin_h=no
ac_cv_header_pthread_h=yes
ac_cv_header_smmintrin_h=no
ac_cv_header_stdbool_h=yes
ac_cv_header_stdc=yes
ac_cv_header_stddef_h=yes
ac_cv_header_stdint_h=yes
ac_cv_header_stdlib_h=yes
ac_cv_header_string_h=yes
ac_cv_header_strings_h=yes
ac_cv_header_sys_param_h=yes
ac_cv_header_sys_stat_h=yes
ac_cv_header_sys_time_h=yes
ac_cv_header_sys_types_h=yes
ac_cv_header_tmmintrin_h=no
ac_cv_header_unistd_h=yes
ac_cv_header_xmmintrin_h=yes
ac_cv_host=x86_64-unknown-linux-gnu
ac_cv_lib_error_at_line=yes
ac_cv_lib_m_log=yes
ac_cv_lib_mpi_MPI_Init=no
ac_cv_lib_mpich_MPI_Init=no
ac_cv_objext=o
ac_cv_path_EGREP='/usr/bin/grep -E'
ac_cv_path_FGREP='/usr/bin/grep -F'
ac_cv_path_GREP=/usr/bin/grep
ac_cv_path_SED=/usr/bin/sed
ac_cv_path_install='/usr/bin/install -c'
ac_cv_path_mkdir=/usr/bin/mkdir
ac_cv_prog_AWK=gawk
ac_cv_prog_CPP='gcc -E'
ac_cv_prog_CXXCPP='g++ -E'
ac_cv_prog_ac_ct_AR=ar
ac_cv_prog_ac_ct_CC=gcc
ac_cv_prog_ac_ct_CXX=g++
ac_cv_prog_ac_ct_OBJDUMP=objdump
ac_cv_prog_ac_ct_RANLIB=ranlib
ac_cv_prog_ac_ct_STRIP=strip
ac_cv_prog_cc_c89=
ac_cv_prog_cc_g=yes
ac_cv_prog_cc_gcc_c_o=yes
ac_cv_prog_cxx_g=yes
ac_cv_prog_make_make_set=yes
ac_cv_search_pthread_create=-lpthread
ac_cv_type__Bool=yes
ac_cv_type_ptrdiff_t=yes
ac_cv_type_size_t=yes
ac_cv_type_ssize_t=yes
am_cv_CC_dependencies_compiler_type=gcc3
am_cv_CXX_dependencies_compiler_type=gcc3
am_cv_make_support_nested_variables=yes
ax_cv_check_cflags___mmmx=yes
ax_cv_check_cflags___msse2=yes
ax_cv_check_cflags___msse=yes
ax_cv_gcc_x86_cpuid_0x00000001=206c2:1200800:29ee3ff:bfebfbff
ax_cv_gcc_x86_cpuid_=unknown
ax_cv_have_avx_ext=no
ax_cv_have_mmx_ext=yes
ax_cv_have_sse2_ext=yes
ax_cv_have_sse3_ext=yes
ax_cv_have_sse41_ext=yes
ax_cv_have_sse42_ext=yes
ax_cv_have_sse_ext=yes
ax_cv_have_ssse3_ext=yes
lt_cv_ar_at_file=@
lt_cv_archive_cmds_need_lc=no
lt_cv_deplibs_check_method=pass_all
lt_cv_file_magic_cmd='$MAGIC_CMD'
lt_cv_file_magic_test_file=
lt_cv_ld_reload_flag=-r
lt_cv_nm_interface='BSD nm'
lt_cv_objdir=.libs
lt_cv_path_LD=/usr/bin/ld
lt_cv_path_LDCXX='/usr/bin/ld -m elf_x86_64'
lt_cv_path_NM='/usr/bin/nm -B'
lt_cv_path_mainfest_tool=no
lt_cv_prog_compiler_c_o=yes
lt_cv_prog_compiler_c_o_CXX=yes
lt_cv_prog_compiler_pic='-fPIC -DPIC'
lt_cv_prog_compiler_pic_CXX='-fPIC -DPIC'
lt_cv_prog_compiler_pic_works=yes
lt_cv_prog_compiler_pic_works_CXX=yes
lt_cv_prog_compiler_rtti_exceptions=no
lt_cv_prog_compiler_static_works=no
lt_cv_prog_compiler_static_works_CXX=no
lt_cv_prog_gnu_ld=yes
lt_cv_prog_gnu_ldcxx=yes
lt_cv_sharedlib_from_linklib_cmd='printf %s\n'
lt_cv_shlibpath_overrides_runpath=no
lt_cv_sys_global_symbol_pipe='sed -n -e '\''s/^.*[	 ]\([ABCDGIRSTW][ABCDGIRSTW]*\)[	 ][	 ]*\([_A-Za-z][_A-Za-z0-9]*\)$/\1 \2 \2/p'\'' | sed '\''/ __gnu_lto/d'\'''
lt_cv_sys_global_symbol_to_c_name_address='sed -n -e '\''s/^: \([^ ]*\)[ ]*$/  {\"\1\", (void *) 0},/p'\'' -e '\''s/^[ABCDGIRSTW]* \([^ ]*\) \([^ ]*\)$/  {"\2", (void *) \&\2},/p'\'''
lt_cv_sys_global_symbol_to_c_name_address_lib_prefix='sed -n -e '\''s/^: \([^ ]*\)[ ]*$/  {\"\1\", (void *) 0},/p'\'' -e '\''s/^[ABCDGIRSTW]* \([^ ]*\) \(lib[^ ]*\)$/  {"\2", (void *) \&\2},/p'\'' -e '\''s/^[ABCDGIRSTW]* \([^ ]*\) \([^ ]*\)$/  {"lib\2", (void *) \&\2},/p'\'''
lt_cv_sys_global_symbol_to_cdecl='sed -n -e '\''s/^T .* \(.*\)$/extern int \1();/p'\'' -e '\''s/^[ABCDGIRSTW]* .* \(.*\)$/extern char \1;/p'\'''
lt_cv_sys_max_cmd_len=1572864
lt_cv_to_host_file_cmd=func_convert_file_noop
lt_cv_to_tool_file_cmd=func_convert_file_noop

## ----------------- ##
## Output variables. ##
## ----------------- ##

ACLOCAL='${SHELL} /root/mz/MO-Phylogenetics/lib/Pll/missing aclocal-1.13'
AMDEPBACKSLASH='\'
AMDEP_FALSE='#'
AMDEP_TRUE=''
AMTAR='$${TAR-tar}'
AM_BACKSLASH='\'
AM_DEFAULT_V='$(AM_DEFAULT_VERBOSITY)'
AM_DEFAULT_VERBOSITY='1'
AM_V='$(V)'
AR='ar'
AUTOCONF='${SHELL} /root/mz/MO-Phylogenetics/lib/Pll/missing autoconf'
AUTOHEADER='${SHELL} /root/mz/MO-Phylogenetics/lib/Pll/missing autoheader'
AUTOMAKE='${SHELL} /root/mz/MO-Phylogenetics/lib/Pll/missing automake-1.13'
AWK='gawk'
BUILD_AVX_FALSE=''
BUILD_AVX_PTHREADS_FALSE=''
BUILD_AVX_PTHREADS_TRUE='#'
BUILD_AVX_TRUE='#'
BUILD_GENERIC_FALSE='#'
BUILD_GENERIC_TRUE=''
BUILD_MPI_FALSE=''
BUILD_MPI_TRUE='#'
BUILD_SSE3_FALSE='#'
BUILD_SSE3_PTHREADS_FALSE='#'
BUILD_SSE3_PTHREADS_TRUE=''
BUILD_SSE3_TRUE=''
CC='gcc'
CCDEPMODE='depmode=gcc3'
CFLAGS='-g -O2'
CPP='gcc -E'
CPPFLAGS=''
CXX='g++'
CXXCPP='g++ -E'
CXXDEPMODE='depmode=gcc3'
CXXFLAGS='-g -O2'
CYGPATH_W='echo'
DEFS='-DHAVE_CONFIG_H'
DEPDIR='.deps'
DLLTOOL='false'
DSYMUTIL=''
DUMPBIN=''
ECHO_C=''
ECHO_N='-n'
ECHO_T=''
EGREP='/usr/bin/grep -E'
EXEEXT=''
FGREP='/usr/bin/grep -F'
GREP='/usr/bin/grep'
INSTALL_DATA='${INSTALL} -m 644'
INSTALL_PROGRAM='${INSTALL}'
INSTALL_SCRIPT='${INSTALL}'
INSTALL_STRIP_PROGRAM='$(install_sh) -c -s'
LD='/usr/bin/ld -m elf_x86_64'
LDFLAGS=''
LIBOBJS=''
LIBPLL_MAJOR='1'
LIBPLL_MINOR='0'
LIBPLL_REV='0'
LIBPLL_VERSION='1.0.11'
LIBS='-lpthread -lm '
LIBTOOL='$(SHELL) $(top_builddir)/libtool'
LIPO=''
LN_S='ln -s'
LTLIBOBJS=''
MAKEINFO='${SHELL} /root/mz/MO-Phylogenetics/lib/Pll/missing makeinfo'
MANIFEST_TOOL=':'
MKDIR_P='/usr/bin/mkdir -p'
MPICC='gcc'
MPILIBS=''
NM='/usr/bin/nm -B'
NMEDIT=''
OBJDUMP='objdump'
OBJEXT='o'
OTOOL64=''
OTOOL=''
PACKAGE='libpll'
PACKAGE_BUGREPORT='Tomas.Flouri@h-its.org'
PACKAGE_NAME='libpll'
PACKAGE_STRING='libpll 1.0.11'
PACKAGE_TARNAME='libpll'
PACKAGE_URL=''
PACKAGE_VERSION='1.0.11'
PATH_SEPARATOR=':'
RANLIB='ranlib'
SED='/usr/bin/sed'
SET_MAKE=''
SHELL='/bin/sh'
SIMD_FLAGS=' -mmmx -msse -msse2'
STRIP='strip'
VERSION='1.0.11'
ac_ct_AR='ar'
ac_ct_CC='gcc'
ac_ct_CXX='g++'
ac_ct_DUMPBIN=''
am__EXEEXT_FALSE=''
am__EXEEXT_TRUE='#'
am__fastdepCC_FALSE='#'
am__fastdepCC_TRUE=''
am__fastdepCXX_FALSE='#'
am__fastdepCXX_TRUE=''
am__include='include'
am__isrc=''
am__leading_dot='.'
am__nodep='_no'
am__quote=''
am__tar='$${TAR-tar} chof - "$$tardir"'
am__untar='$${TAR-tar} xf -'
bindir='${exec_prefix}/bin'
build='x86_64-unknown-linux-gnu'
build_alias=''
build_cpu='x86_64'
build_os='linux-gnu'
build_vendor='unknown'
datadir='${datarootdir}'
datarootdir='${prefix}/share'
docdir='${datarootdir}/doc/${PACKAGE_TARNAME}'
dvidir='${docdir}'
exec_prefix='${prefix}'
host='x86_64-unknown-linux-gnu'
host_alias=''
host_cpu='x86_64'
host_os='linux-gnu'
host_vendor='unknown'
htmldir='${docdir}'
includedir='${prefix}/include'
infodir='${datarootdir}/info'
install_sh='${SHELL} /root/mz/MO-Phylogenetics/lib/Pll/install-sh'
libdir='${exec_prefix}/lib'
libexecdir='${exec_prefix}/libexec'
localedir='${datarootdir}/locale'
localstatedir='${prefix}/var'
mandir='${datarootdir}/man'
mkdir_p='$(MKDIR_P)'
oldincludedir='/usr/include'
pdfdir='${docdir}'
prefix='/root/mz/MO-Phylogenetics/lib/Pll/src'
program_transform_name='s,x,x,'
psdir='${docdir}'
sbindir='${exec_prefix}/sbin'
sharedstatedir='${prefix}/com'
sysconfdir='${prefix}/etc'
target_alias=''

## ----------- ##
## confdefs.h. ##
## ----------- ##

/* confdefs.h */
#define PACKAGE_NAME "libpll"
#define PACKAGE_TARNAME "libpll"
#define PACKAGE_VERSION "1.0.11"
#define PACKAGE_STRING "libpll 1.0.11"
#define PACKAGE_BUGREPORT "Tomas.Flouri@h-its.org"
#define PACKAGE_URL ""
#define PACKAGE "libpll"
#define VERSION "1.0.11"
#define STDC_HEADERS 1
#define HAVE_SYS_TYPES_H 1
#define HAVE_SYS_STAT_H 1
#define HAVE_STDLIB_H 1
#define HAVE_STRING_H 1
#define HAVE_MEMORY_H 1
#define HAVE_STRINGS_H 1
#define HAVE_INTTYPES_H 1
#define HAVE_STDINT_H 1
#define HAVE_UNISTD_H 1
#define HAVE_DLFCN_H 1
#define LT_OBJDIR ".libs/"
#define HAVE_LIBM 1
#define HAVE_FCNTL_H 1
#define HAVE_FLOAT_H 1
#define HAVE_LIMITS_H 1
#define HAVE_MALLOC_H 1
#define HAVE_STDDEF_H 1
#define HAVE_STDINT_H 1
#define HAVE_STDLIB_H 1
#define HAVE_STRING_H 1
#define HAVE_STRINGS_H 1
#define HAVE_SYS_TIME_H 1
#define HAVE_UNISTD_H 1
#define HAVE__BOOL 1
#define HAVE_STDBOOL_H 1
#define HAVE_PTRDIFF_T 1
#define HAVE_STDLIB_H 1
#define HAVE_MALLOC 1
#define HAVE_STDLIB_H 1
#define HAVE_UNISTD_H 1
#define HAVE_SYS_PARAM_H 1
#define HAVE_GETPAGESIZE 1
#define HAVE_MMAP 1
#define HAVE_STDLIB_H 1
#define HAVE_REALLOC 1
#define HAVE_ATEXIT 1
#define HAVE_CLOCK_GETTIME 1
#define HAVE_GETCWD 1
#define HAVE_GETPAGESIZE 1
#define HAVE_GETTIMEOFDAY 1
#define HAVE_MEMMOVE 1
#define HAVE_MEMSET 1
#define HAVE_MUNMAP 1
#define HAVE_POW 1
#define HAVE_SQRT 1
#define HAVE_STRCASECMP 1
#define HAVE_STRCHR 1
#define HAVE_STRDUP 1
#define HAVE_STRNDUP 1
#define HAVE_STRSTR 1
#define HAVE_PTHREAD_H 1
#define HAVE_MMINTRIN_H 1
#define HAVE_XMMINTRIN_H 1
#define HAVE_EMMINTRIN_H 1
#define HAVE_IMMINTRIN_H 1
#define HAVE_MMX /**/
#define HAVE_SSE /**/
#define HAVE_SSE2 /**/
#define PACKAGE "libpll"
#define VERSION "1.0.11"

configure: exit 0
